OpenCabinetDrawer_1000-v0 - INFO - 2022-03-29 22:30:26 - Environment info:
------------------------------------------------------------
sys.platform: linux
Python: 3.8.10 (default, Jun  4 2021, 15:09:15) [GCC 7.5.0]
CUDA available: True
GPU 0,1,2: GeForce RTX 2080 Ti
CUDA_HOME: /home/chenruitie/anaconda3/envs/mani_skill
NVCC: 
Num of GPUs: 3
GCC: gcc (Ubuntu 9.3.0-17ubuntu1~20.04) 9.3.0
PyTorch: 1.10.2+cu102
PyTorch compiling details: PyTorch built with:
  - GCC 7.3
  - C++ Version: 201402
  - Intel(R) oneAPI Math Kernel Library Version 2021.3-Product Build 20210617 for Intel(R) 64 architecture applications
  - Intel(R) MKL-DNN v2.2.3 (Git Hash 7336ca9f055cf1bfa13efb658fe15dc9b41f0740)
  - OpenMP 201511 (a.k.a. OpenMP 4.5)
  - LAPACK is enabled (usually provided by MKL)
  - NNPACK is enabled
  - CPU capability usage: AVX512
  - CUDA Runtime 10.2
  - NVCC architecture flags: -gencode;arch=compute_37,code=sm_37;-gencode;arch=compute_50,code=sm_50;-gencode;arch=compute_60,code=sm_60;-gencode;arch=compute_70,code=sm_70
  - CuDNN 7.6.5
  - Magma 2.5.2
  - Build settings: BLAS_INFO=mkl, BUILD_TYPE=Release, CUDA_VERSION=10.2, CUDNN_VERSION=7.6.5, CXX_COMPILER=/opt/rh/devtoolset-7/root/usr/bin/c++, CXX_FLAGS= -Wno-deprecated -fvisibility-inlines-hidden -DUSE_PTHREADPOOL -fopenmp -DNDEBUG -DUSE_KINETO -DUSE_FBGEMM -DUSE_QNNPACK -DUSE_PYTORCH_QNNPACK -DUSE_XNNPACK -DSYMBOLICATE_MOBILE_DEBUG_HANDLE -DEDGE_PROFILER_USE_KINETO -O2 -fPIC -Wno-narrowing -Wall -Wextra -Werror=return-type -Wno-missing-field-initializers -Wno-type-limits -Wno-array-bounds -Wno-unknown-pragmas -Wno-sign-compare -Wno-unused-parameter -Wno-unused-variable -Wno-unused-function -Wno-unused-result -Wno-unused-local-typedefs -Wno-strict-overflow -Wno-strict-aliasing -Wno-error=deprecated-declarations -Wno-stringop-overflow -Wno-psabi -Wno-error=pedantic -Wno-error=redundant-decls -Wno-error=old-style-cast -fdiagnostics-color=always -faligned-new -Wno-unused-but-set-variable -Wno-maybe-uninitialized -fno-math-errno -fno-trapping-math -Werror=format -Wno-stringop-overflow, LAPACK_INFO=mkl, PERF_WITH_AVX=1, PERF_WITH_AVX2=1, PERF_WITH_AVX512=1, TORCH_VERSION=1.10.2, USE_CUDA=ON, USE_CUDNN=ON, USE_EXCEPTION_PTR=1, USE_GFLAGS=OFF, USE_GLOG=OFF, USE_MKL=ON, USE_MKLDNN=ON, USE_MPI=OFF, USE_NCCL=ON, USE_NNPACK=ON, USE_OPENMP=ON, 

TorchVision: 0.11.3+cu102
OpenCV: 4.5.3
mani_skill_learn: 1.0.0
------------------------------------------------------------

OpenCabinetDrawer_1000-v0 - INFO - 2022-03-29 22:30:26 - Config:
agent = dict(
    type='SAC',
    batch_size=256,
    gamma=0.95,
    update_coeff=0.005,
    alpha=0.2,
    target_update_interval=1,
    automatic_alpha_tuning=True,
    alpha_optim_cfg=dict(type='Adam', lr=0.0003),
    policy_cfg=dict(
        type='ContinuousPolicy',
        policy_head_cfg=dict(
            type='GaussianHead', log_sig_min=-20, log_sig_max=2,
            epsilon=1e-06),
        nn_cfg=dict(
            type='PointNetWithInstanceInfoV0',
            stack_frame=1,
            num_objs='num_objs',
            pcd_pn_cfg=dict(
                type='PointNetV0',
                conv_cfg=dict(
                    type='ConvMLP',
                    norm_cfg=None,
                    mlp_spec=['agent_shape + pcd_xyz_rgb_channel', 192, 192],
                    bias='auto',
                    inactivated_output=True,
                    conv_init_cfg=dict(type='xavier_init', gain=1, bias=0)),
                mlp_cfg=dict(
                    type='LinearMLP',
                    norm_cfg=None,
                    mlp_spec=[192, 192, 192],
                    bias='auto',
                    inactivated_output=True,
                    linear_init_cfg=dict(type='xavier_init', gain=1, bias=0)),
                subtract_mean_coords=True,
                max_mean_mix_aggregation=True),
            state_mlp_cfg=dict(
                type='LinearMLP',
                norm_cfg=None,
                mlp_spec=['agent_shape', 192, 192],
                bias='auto',
                inactivated_output=True,
                linear_init_cfg=dict(type='xavier_init', gain=1, bias=0)),
            transformer_cfg=dict(
                type='TransformerEncoder',
                block_cfg=dict(
                    attention_cfg=dict(
                        type='MultiHeadSelfAttention',
                        embed_dim=192,
                        num_heads=4,
                        latent_dim=32,
                        dropout=0.1),
                    mlp_cfg=dict(
                        type='LinearMLP',
                        norm_cfg=None,
                        mlp_spec=[192, 768, 192],
                        bias='auto',
                        inactivated_output=True,
                        linear_init_cfg=dict(
                            type='xavier_init', gain=1, bias=0)),
                    dropout=0.1),
                pooling_cfg=dict(embed_dim=192, num_heads=4, latent_dim=32),
                mlp_cfg=None,
                num_blocks=2),
            final_mlp_cfg=dict(
                type='LinearMLP',
                norm_cfg=None,
                mlp_spec=[192, 128, 'action_shape * 2'],
                bias='auto',
                inactivated_output=True,
                linear_init_cfg=dict(type='xavier_init', gain=1, bias=0))),
        optim_cfg=dict(type='Adam', lr=0.0003, weight_decay=5e-06)),
    value_cfg=dict(
        type='ContinuousValue',
        num_heads=2,
        nn_cfg=dict(
            type='PointNetWithInstanceInfoV0',
            stack_frame=1,
            num_objs='num_objs',
            pcd_pn_cfg=dict(
                type='PointNetV0',
                conv_cfg=dict(
                    type='ConvMLP',
                    norm_cfg=None,
                    mlp_spec=[
                        'agent_shape + pcd_xyz_rgb_channel + action_shape',
                        192, 192
                    ],
                    bias='auto',
                    inactivated_output=True,
                    conv_init_cfg=dict(type='xavier_init', gain=1, bias=0)),
                mlp_cfg=dict(
                    type='LinearMLP',
                    norm_cfg=None,
                    mlp_spec=[192, 192, 192],
                    bias='auto',
                    inactivated_output=True,
                    linear_init_cfg=dict(type='xavier_init', gain=1, bias=0)),
                subtract_mean_coords=True,
                max_mean_mix_aggregation=True),
            state_mlp_cfg=dict(
                type='LinearMLP',
                norm_cfg=None,
                mlp_spec=['agent_shape + action_shape', 192, 192],
                bias='auto',
                inactivated_output=True,
                linear_init_cfg=dict(type='xavier_init', gain=1, bias=0)),
            transformer_cfg=dict(
                type='TransformerEncoder',
                block_cfg=dict(
                    attention_cfg=dict(
                        type='MultiHeadSelfAttention',
                        embed_dim=192,
                        num_heads=4,
                        latent_dim=32,
                        dropout=0.1),
                    mlp_cfg=dict(
                        type='LinearMLP',
                        norm_cfg=None,
                        mlp_spec=[192, 768, 192],
                        bias='auto',
                        inactivated_output=True,
                        linear_init_cfg=dict(
                            type='xavier_init', gain=1, bias=0)),
                    dropout=0.1),
                pooling_cfg=dict(embed_dim=192, num_heads=4, latent_dim=32),
                mlp_cfg=None,
                num_blocks=2),
            final_mlp_cfg=dict(
                type='LinearMLP',
                norm_cfg=None,
                mlp_spec=[192, 128, 1],
                bias='auto',
                inactivated_output=True,
                linear_init_cfg=dict(type='xavier_init', gain=1, bias=0))),
        optim_cfg=dict(type='Adam', lr=0.0005, weight_decay=5e-06)))
log_level = 'INFO'
train_mfrl_cfg = dict(
    on_policy=False,
    total_steps=2000000,
    warm_steps=4000,
    n_eval=2000000,
    n_checkpoint=100000,
    n_steps=8,
    n_updates=4)
rollout_cfg = dict(
    type='BatchRollout',
    use_cost=False,
    reward_only=False,
    num_procs=8,
    with_info=False,
    env_cfg=dict(
        type='gym',
        unwrapped=False,
        obs_mode='pointcloud',
        reward_type='dense',
        stack_frame=1,
        env_name='OpenCabinetDrawer_1000-v0'))
eval_cfg = dict(
    type='BatchEvaluation',
    num=100,
    num_procs=2,
    use_hidden_state=False,
    start_state=None,
    save_traj=False,
    save_video=False,
    use_log=True,
    env_cfg=dict(
        type='gym',
        unwrapped=False,
        obs_mode='pointcloud',
        reward_type='dense',
        stack_frame=1,
        env_name='OpenCabinetDrawer_1000-v0'))
stack_frame = 1
num_heads = 4
env_cfg = dict(
    type='gym',
    unwrapped=False,
    obs_mode='pointcloud',
    reward_type='dense',
    stack_frame=1,
    env_name='OpenCabinetDrawer_1000-v0')
expert = dict(
    type='SAC',
    batch_size=1024,
    gamma=0.95,
    policy_cfg=dict(
        type='ContinuousPolicy',
        policy_head_cfg=dict(
            type='GaussianHead', log_sig_min=-20, log_sig_max=2,
            epsilon=1e-06),
        nn_cfg=dict(
            type='PointNetV0',
            conv_cfg=dict(
                type='ConvMLP',
                norm_cfg=None,
                mlp_spec=['agent_shape + pcd_all_channel', 256, 512],
                bias='auto',
                inactivated_output=False,
                conv_init_cfg=dict(type='xavier_init', gain=1, bias=0)),
            mlp_cfg=dict(
                type='LinearMLP',
                norm_cfg=None,
                mlp_spec=[512, 256, 'action_shape * 2'],
                bias='auto',
                inactivated_output=True,
                linear_init_cfg=dict(type='xavier_init', gain=1, bias=0)),
            subtract_mean_coords=True,
            max_mean_mix_aggregation=True,
            stack_frame=1),
        optim_cfg=dict(type='Adam', lr=0.0005)),
    value_cfg=dict(
        type='ContinuousValue',
        num_heads=2,
        nn_cfg=dict(
            type='PointNetV0',
            conv_cfg=dict(
                type='ConvMLP',
                norm_cfg=None,
                mlp_spec=[
                    'agent_shape + action_shape + pcd_all_channel', 256, 512
                ],
                bias='auto',
                inactivated_output=False,
                conv_init_cfg=dict(type='xavier_init', gain=1, bias=0)),
            mlp_cfg=dict(
                type='LinearMLP',
                norm_cfg=None,
                mlp_spec=[512, 256, 1],
                bias='auto',
                inactivated_output=True,
                linear_init_cfg=dict(type='xavier_init', gain=1, bias=0)),
            subtract_mean_coords=True,
            max_mean_mix_aggregation=True,
            stack_frame=1),
        optim_cfg=dict(type='Adam', lr=0.0005)))
replay_cfg = dict(type='ReplayMemory', capacity=800000)
work_dir = './work_dirs/OpenCabinetDrawer_1000-v0/SAC'

OpenCabinetDrawer_1000-v0 - INFO - 2022-03-29 22:30:26 - Set random seed to 0
