OpenCabinetDrawer-v0 - INFO - 2022-04-29 15:07:36 - Environment info:
------------------------------------------------------------
sys.platform: linux
Python: 3.8.10 (default, Jun  4 2021, 15:09:15) [GCC 7.5.0]
CUDA available: True
GPU 0,1,2,3,4,5,6: Tesla V100S-PCIE-32GB
CUDA_HOME: /usr/local/cuda-11.2
NVCC: Build cuda_11.2.r11.2/compiler.29618528_0
Num of GPUs: 7
GCC: gcc (Ubuntu 9.4.0-1ubuntu1~20.04.1) 9.4.0
PyTorch: 1.11.0+cu102
PyTorch compiling details: PyTorch built with:
  - GCC 7.3
  - C++ Version: 201402
  - Intel(R) oneAPI Math Kernel Library Version 2021.3-Product Build 20210617 for Intel(R) 64 architecture applications
  - Intel(R) MKL-DNN v2.5.2 (Git Hash a9302535553c73243c632ad3c4c80beec3d19a1e)
  - OpenMP 201511 (a.k.a. OpenMP 4.5)
  - LAPACK is enabled (usually provided by MKL)
  - NNPACK is enabled
  - CPU capability usage: AVX2
  - CUDA Runtime 10.2
  - NVCC architecture flags: -gencode;arch=compute_37,code=sm_37;-gencode;arch=compute_50,code=sm_50;-gencode;arch=compute_60,code=sm_60;-gencode;arch=compute_70,code=sm_70
  - CuDNN 7.6.5
  - Magma 2.5.2
  - Build settings: BLAS_INFO=mkl, BUILD_TYPE=Release, CUDA_VERSION=10.2, CUDNN_VERSION=7.6.5, CXX_COMPILER=/opt/rh/devtoolset-7/root/usr/bin/c++, CXX_FLAGS= -Wno-deprecated -fvisibility-inlines-hidden -DUSE_PTHREADPOOL -fopenmp -DNDEBUG -DUSE_KINETO -DUSE_FBGEMM -DUSE_QNNPACK -DUSE_PYTORCH_QNNPACK -DUSE_XNNPACK -DSYMBOLICATE_MOBILE_DEBUG_HANDLE -DEDGE_PROFILER_USE_KINETO -O2 -fPIC -Wno-narrowing -Wall -Wextra -Werror=return-type -Wno-missing-field-initializers -Wno-type-limits -Wno-array-bounds -Wno-unknown-pragmas -Wno-sign-compare -Wno-unused-parameter -Wno-unused-function -Wno-unused-result -Wno-unused-local-typedefs -Wno-strict-overflow -Wno-strict-aliasing -Wno-error=deprecated-declarations -Wno-stringop-overflow -Wno-psabi -Wno-error=pedantic -Wno-error=redundant-decls -Wno-error=old-style-cast -fdiagnostics-color=always -faligned-new -Wno-unused-but-set-variable -Wno-maybe-uninitialized -fno-math-errno -fno-trapping-math -Werror=format -Wno-stringop-overflow, LAPACK_INFO=mkl, PERF_WITH_AVX=1, PERF_WITH_AVX2=1, PERF_WITH_AVX512=1, TORCH_VERSION=1.11.0, USE_CUDA=ON, USE_CUDNN=ON, USE_EXCEPTION_PTR=1, USE_GFLAGS=OFF, USE_GLOG=OFF, USE_MKL=ON, USE_MKLDNN=OFF, USE_MPI=OFF, USE_NCCL=ON, USE_NNPACK=ON, USE_OPENMP=ON, USE_ROCM=OFF, 

TorchVision: 0.12.0+cu102
OpenCV: 4.5.3
mani_skill_learn: 1.0.0
------------------------------------------------------------

OpenCabinetDrawer-v0 - INFO - 2022-04-29 15:07:36 - Config:
agent = dict(
    type='MBPO',
    batch_size=256,
    gamma=0.95,
    update_coeff=0.005,
    alpha=0.2,
    target_update_interval=1,
    automatic_alpha_tuning=True,
    alpha_optim_cfg=dict(type='Adam', lr=0.0003),
    max_iter_use_real_data=500,
    policy_cfg=dict(
        type='ContinuousPolicy',
        policy_head_cfg=dict(
            type='GaussianHead', log_sig_min=-20, log_sig_max=2,
            epsilon=1e-06),
        nn_cfg=dict(
            type='PointNetWithInstanceInfoV0',
            stack_frame=1,
            num_objs='num_objs',
            pcd_pn_cfg=dict(
                type='PointNetV0',
                conv_cfg=dict(
                    type='ConvMLP',
                    norm_cfg=None,
                    mlp_spec=['agent_shape + pcd_xyz_rgb_channel', 192, 192],
                    bias='auto',
                    inactivated_output=True,
                    conv_init_cfg=dict(type='xavier_init', gain=1, bias=0)),
                mlp_cfg=dict(
                    type='LinearMLP',
                    norm_cfg=None,
                    mlp_spec=[192, 192, 192],
                    bias='auto',
                    inactivated_output=True,
                    linear_init_cfg=dict(type='xavier_init', gain=1, bias=0)),
                subtract_mean_coords=True,
                max_mean_mix_aggregation=True),
            state_mlp_cfg=dict(
                type='LinearMLP',
                norm_cfg=None,
                mlp_spec=['agent_shape', 192, 192],
                bias='auto',
                inactivated_output=True,
                linear_init_cfg=dict(type='xavier_init', gain=1, bias=0)),
            transformer_cfg=dict(
                type='TransformerEncoder',
                block_cfg=dict(
                    attention_cfg=dict(
                        type='MultiHeadSelfAttention',
                        embed_dim=192,
                        num_heads=4,
                        latent_dim=32,
                        dropout=0.1),
                    mlp_cfg=dict(
                        type='LinearMLP',
                        norm_cfg=None,
                        mlp_spec=[192, 768, 192],
                        bias='auto',
                        inactivated_output=True,
                        linear_init_cfg=dict(
                            type='xavier_init', gain=1, bias=0)),
                    dropout=0.1),
                pooling_cfg=dict(embed_dim=192, num_heads=4, latent_dim=32),
                mlp_cfg=None,
                num_blocks=2),
            final_mlp_cfg=dict(
                type='LinearMLP',
                norm_cfg=None,
                mlp_spec=[192, 128, 'action_shape * 2'],
                bias='auto',
                inactivated_output=True,
                linear_init_cfg=dict(type='xavier_init', gain=1, bias=0))),
        optim_cfg=dict(type='Adam', lr=0.0003, weight_decay=5e-06)),
    value_cfg=dict(
        type='ContinuousValue',
        num_heads=2,
        nn_cfg=dict(
            type='PointNetWithInstanceInfoV0',
            stack_frame=1,
            num_objs='num_objs',
            pcd_pn_cfg=dict(
                type='PointNetV0',
                conv_cfg=dict(
                    type='ConvMLP',
                    norm_cfg=None,
                    mlp_spec=[
                        'agent_shape + pcd_xyz_rgb_channel + action_shape',
                        192, 192
                    ],
                    bias='auto',
                    inactivated_output=True,
                    conv_init_cfg=dict(type='xavier_init', gain=1, bias=0)),
                mlp_cfg=dict(
                    type='LinearMLP',
                    norm_cfg=None,
                    mlp_spec=[192, 192, 192],
                    bias='auto',
                    inactivated_output=True,
                    linear_init_cfg=dict(type='xavier_init', gain=1, bias=0)),
                subtract_mean_coords=True,
                max_mean_mix_aggregation=True),
            state_mlp_cfg=dict(
                type='LinearMLP',
                norm_cfg=None,
                mlp_spec=['agent_shape + action_shape', 192, 192],
                bias='auto',
                inactivated_output=True,
                linear_init_cfg=dict(type='xavier_init', gain=1, bias=0)),
            transformer_cfg=dict(
                type='TransformerEncoder',
                block_cfg=dict(
                    attention_cfg=dict(
                        type='MultiHeadSelfAttention',
                        embed_dim=192,
                        num_heads=4,
                        latent_dim=32,
                        dropout=0.1),
                    mlp_cfg=dict(
                        type='LinearMLP',
                        norm_cfg=None,
                        mlp_spec=[192, 768, 192],
                        bias='auto',
                        inactivated_output=True,
                        linear_init_cfg=dict(
                            type='xavier_init', gain=1, bias=0)),
                    dropout=0.1),
                pooling_cfg=dict(embed_dim=192, num_heads=4, latent_dim=32),
                mlp_cfg=None,
                num_blocks=2),
            final_mlp_cfg=dict(
                type='LinearMLP',
                norm_cfg=None,
                mlp_spec=[192, 128, 1],
                bias='auto',
                inactivated_output=True,
                linear_init_cfg=dict(type='xavier_init', gain=1, bias=0))),
        optim_cfg=dict(type='Adam', lr=0.0005, weight_decay=5e-06)),
    model_cfg=dict(
        type='Pointnet_transformer_model',
        num_heads=1,
        nn_cfg=dict(
            type='PointNetWorldModel',
            stack_frame=1,
            num_objs='num_objs',
            pcd_pn_cfg=dict(
                type='PointNetV0',
                conv_cfg=dict(
                    type='ConvMLP',
                    norm_cfg=None,
                    mlp_spec=[
                        'agent_shape + pcd_xyz_rgb_channel + action_shape',
                        192, 192
                    ],
                    bias='auto',
                    inactivated_output=True,
                    conv_init_cfg=dict(type='xavier_init', gain=1, bias=0)),
                mlp_cfg=dict(
                    type='LinearMLP',
                    norm_cfg=None,
                    mlp_spec=[192, 192, 192],
                    bias='auto',
                    inactivated_output=True,
                    linear_init_cfg=dict(type='xavier_init', gain=1, bias=0)),
                subtract_mean_coords=True,
                max_mean_mix_aggregation=True),
            state_mlp_cfg=dict(
                type='LinearMLP',
                norm_cfg=None,
                mlp_spec=['agent_shape + action_shape ', 192, 192],
                bias='auto',
                inactivated_output=True,
                linear_init_cfg=dict(type='xavier_init', gain=1, bias=0)),
            transformer_cfg=dict(
                type='TransformerEncoder',
                block_cfg=dict(
                    attention_cfg=dict(
                        type='MultiHeadSelfAttention',
                        embed_dim=192,
                        num_heads=4,
                        latent_dim=32,
                        dropout=0.1),
                    mlp_cfg=dict(
                        type='LinearMLP',
                        norm_cfg=None,
                        mlp_spec=[192, 768, 192],
                        bias='auto',
                        inactivated_output=True,
                        linear_init_cfg=dict(
                            type='xavier_init', gain=1, bias=0)),
                    dropout=0.1),
                pooling_cfg=dict(embed_dim=192, num_heads=4, latent_dim=32),
                mlp_cfg=None,
                num_blocks=2),
            final_mlp1_cfg=dict(
                type='LinearMLP',
                norm_cfg=None,
                mlp_spec=[
                    'agent_shape + pcd_all_channel + action_shape + 192', 128,
                    3
                ],
                bias='auto',
                inactivated_output=True,
                linear_init_cfg=dict(type='xavier_init', gain=1, bias=0)),
            final_mlp2_cfg=dict(
                type='LinearMLP',
                norm_cfg=None,
                mlp_spec=[
                    'agent_shape + action_shape + 192', 128, 'agent_shape +1 '
                ],
                bias='auto',
                inactivated_output=True,
                linear_init_cfg=dict(type='xavier_init', gain=1, bias=0))),
        optim_cfg=dict(type='Adam', lr=0.0005, weight_decay=5e-06)))
log_level = 'INFO'
train_mfrl_cfg = dict(
    on_policy=False,
    total_steps=2000000,
    warm_steps=4000,
    n_eval=2000000,
    n_checkpoint=20000,
    n_steps=8,
    n_updates=8,
    m_steps=1)
rollout_cfg = dict(
    type='BatchRollout',
    use_cost=False,
    reward_only=False,
    num_procs=8,
    with_info=False,
    env_cfg=dict(
        type='gym',
        unwrapped=False,
        obs_mode='pointcloud',
        reward_type='dense',
        stack_frame=1,
        env_name='OpenCabinetDrawer-v0'))
eval_cfg = dict(
    type='BatchEvaluation',
    num=100,
    num_procs=8,
    use_hidden_state=False,
    start_state=None,
    save_traj=False,
    save_video=True,
    use_log=True,
    env_cfg=dict(
        type='gym',
        unwrapped=False,
        obs_mode='pointcloud',
        reward_type='dense',
        stack_frame=1,
        env_name='OpenCabinetDrawer-v0'))
stack_frame = 1
num_heads = 4
env_cfg = dict(
    type='gym',
    unwrapped=False,
    obs_mode='pointcloud',
    reward_type='dense',
    stack_frame=1,
    env_name='OpenCabinetDrawer-v0')
replay_cfg = dict(type='ReplayMemory', capacity=500000)
replay_model_cfg = dict(type='ReplayMemory', capacity=500000)
work_dir = './work_dirs/OpenCabinetDrawer-v0/MBPO'

OpenCabinetDrawer-v0 - INFO - 2022-04-29 15:07:36 - Set random seed to 0
OpenCabinetDrawer-v0 - INFO - 2022-04-29 15:07:45 - State shape:{'pointcloud': {'rgb': (1200, 3), 'xyz': (1200, 3), 'seg': (1200, 3)}, 'state': 38}, action shape:Box(-1.0, 1.0, (13,), float32)
OpenCabinetDrawer-v0 - INFO - 2022-04-29 15:07:49 - We do not use distributed training, but we support data parallel in torch
OpenCabinetDrawer-v0 - WARNING - 2022-04-29 15:07:49 - Use Data parallel to train model! It may slow down the speed when the model is small.
OpenCabinetDrawer-v0 - INFO - 2022-04-29 15:07:49 - MBPO(
  (policy): CustomDataParallel(
    (module): ContinuousPolicy(
      (backbone): PointNetWithInstanceInfoV0(
        (pcd_pns): ModuleList(
          (0): PointNetV0(
            (conv_mlp): ConvMLP(
              (mlp): Sequential(
                (layer0): ConvModule(
                  (conv): Conv1d(47, 192, kernel_size=(1,), stride=(1,))
                  (activate): ReLU(inplace=True)
                )
                (layer1): ConvModule(
                  (conv): Conv1d(192, 192, kernel_size=(1,), stride=(1,))
                )
              )
            )
            (global_mlp): LinearMLP(
              (mlp): Sequential(
                (linear0): Linear(in_features=192, out_features=192, bias=True)
                (act0): ReLU()
                (linear1): Linear(in_features=192, out_features=192, bias=True)
              )
            )
          )
          (1): PointNetV0(
            (conv_mlp): ConvMLP(
              (mlp): Sequential(
                (layer0): ConvModule(
                  (conv): Conv1d(47, 192, kernel_size=(1,), stride=(1,))
                  (activate): ReLU(inplace=True)
                )
                (layer1): ConvModule(
                  (conv): Conv1d(192, 192, kernel_size=(1,), stride=(1,))
                )
              )
            )
            (global_mlp): LinearMLP(
              (mlp): Sequential(
                (linear0): Linear(in_features=192, out_features=192, bias=True)
                (act0): ReLU()
                (linear1): Linear(in_features=192, out_features=192, bias=True)
              )
            )
          )
          (2): PointNetV0(
            (conv_mlp): ConvMLP(
              (mlp): Sequential(
                (layer0): ConvModule(
                  (conv): Conv1d(47, 192, kernel_size=(1,), stride=(1,))
                  (activate): ReLU(inplace=True)
                )
                (layer1): ConvModule(
                  (conv): Conv1d(192, 192, kernel_size=(1,), stride=(1,))
                )
              )
            )
            (global_mlp): LinearMLP(
              (mlp): Sequential(
                (linear0): Linear(in_features=192, out_features=192, bias=True)
                (act0): ReLU()
                (linear1): Linear(in_features=192, out_features=192, bias=True)
              )
            )
          )
          (3): PointNetV0(
            (conv_mlp): ConvMLP(
              (mlp): Sequential(
                (layer0): ConvModule(
                  (conv): Conv1d(47, 192, kernel_size=(1,), stride=(1,))
                  (activate): ReLU(inplace=True)
                )
                (layer1): ConvModule(
                  (conv): Conv1d(192, 192, kernel_size=(1,), stride=(1,))
                )
              )
            )
            (global_mlp): LinearMLP(
              (mlp): Sequential(
                (linear0): Linear(in_features=192, out_features=192, bias=True)
                (act0): ReLU()
                (linear1): Linear(in_features=192, out_features=192, bias=True)
              )
            )
          )
          (4): PointNetV0(
            (conv_mlp): ConvMLP(
              (mlp): Sequential(
                (layer0): ConvModule(
                  (conv): Conv1d(47, 192, kernel_size=(1,), stride=(1,))
                  (activate): ReLU(inplace=True)
                )
                (layer1): ConvModule(
                  (conv): Conv1d(192, 192, kernel_size=(1,), stride=(1,))
                )
              )
            )
            (global_mlp): LinearMLP(
              (mlp): Sequential(
                (linear0): Linear(in_features=192, out_features=192, bias=True)
                (act0): ReLU()
                (linear1): Linear(in_features=192, out_features=192, bias=True)
              )
            )
          )
        )
        (attn): TransformerEncoder(
          (attn_blocks): ModuleList(
            (0): TransformerBlock(
              (attn): MultiHeadSelfAttention(
                (dropout): Dropout(p=0.1, inplace=False)
              )
              (mlp): LinearMLP(
                (mlp): Sequential(
                  (linear0): Linear(in_features=192, out_features=768, bias=True)
                  (act0): ReLU()
                  (linear1): Linear(in_features=768, out_features=192, bias=True)
                )
              )
              (ln): LayerNorm((192,), eps=1e-05, elementwise_affine=True)
              (dropout): Dropout(p=0.1, inplace=False)
            )
            (1): TransformerBlock(
              (attn): MultiHeadSelfAttention(
                (dropout): Dropout(p=0.1, inplace=False)
              )
              (mlp): LinearMLP(
                (mlp): Sequential(
                  (linear0): Linear(in_features=192, out_features=768, bias=True)
                  (act0): ReLU()
                  (linear1): Linear(in_features=768, out_features=192, bias=True)
                )
              )
              (ln): LayerNorm((192,), eps=1e-05, elementwise_affine=True)
              (dropout): Dropout(p=0.1, inplace=False)
            )
          )
          (pooling): AttentionPooling(
            (dropout): Identity()
          )
        )
        (state_mlp): LinearMLP(
          (mlp): Sequential(
            (linear0): Linear(in_features=38, out_features=192, bias=True)
            (act0): ReLU()
            (linear1): Linear(in_features=192, out_features=192, bias=True)
          )
        )
        (global_mlp): LinearMLP(
          (mlp): Sequential(
            (linear0): Linear(in_features=192, out_features=128, bias=True)
            (act0): ReLU()
            (linear1): Linear(in_features=128, out_features=26, bias=True)
          )
        )
      )
      (policy_head): GaussianHead()
    )
  )
  (critic): CustomDataParallel(
    (module): ContinuousValue(
      (values): ModuleList(
        (0): PointNetWithInstanceInfoV0(
          (pcd_pns): ModuleList(
            (0): PointNetV0(
              (conv_mlp): ConvMLP(
                (mlp): Sequential(
                  (layer0): ConvModule(
                    (conv): Conv1d(60, 192, kernel_size=(1,), stride=(1,))
                    (activate): ReLU(inplace=True)
                  )
                  (layer1): ConvModule(
                    (conv): Conv1d(192, 192, kernel_size=(1,), stride=(1,))
                  )
                )
              )
              (global_mlp): LinearMLP(
                (mlp): Sequential(
                  (linear0): Linear(in_features=192, out_features=192, bias=True)
                  (act0): ReLU()
                  (linear1): Linear(in_features=192, out_features=192, bias=True)
                )
              )
            )
            (1): PointNetV0(
              (conv_mlp): ConvMLP(
                (mlp): Sequential(
                  (layer0): ConvModule(
                    (conv): Conv1d(60, 192, kernel_size=(1,), stride=(1,))
                    (activate): ReLU(inplace=True)
                  )
                  (layer1): ConvModule(
                    (conv): Conv1d(192, 192, kernel_size=(1,), stride=(1,))
                  )
                )
              )
              (global_mlp): LinearMLP(
                (mlp): Sequential(
                  (linear0): Linear(in_features=192, out_features=192, bias=True)
                  (act0): ReLU()
                  (linear1): Linear(in_features=192, out_features=192, bias=True)
                )
              )
            )
            (2): PointNetV0(
              (conv_mlp): ConvMLP(
                (mlp): Sequential(
                  (layer0): ConvModule(
                    (conv): Conv1d(60, 192, kernel_size=(1,), stride=(1,))
                    (activate): ReLU(inplace=True)
                  )
                  (layer1): ConvModule(
                    (conv): Conv1d(192, 192, kernel_size=(1,), stride=(1,))
                  )
                )
              )
              (global_mlp): LinearMLP(
                (mlp): Sequential(
                  (linear0): Linear(in_features=192, out_features=192, bias=True)
                  (act0): ReLU()
                  (linear1): Linear(in_features=192, out_features=192, bias=True)
                )
              )
            )
            (3): PointNetV0(
              (conv_mlp): ConvMLP(
                (mlp): Sequential(
                  (layer0): ConvModule(
                    (conv): Conv1d(60, 192, kernel_size=(1,), stride=(1,))
                    (activate): ReLU(inplace=True)
                  )
                  (layer1): ConvModule(
                    (conv): Conv1d(192, 192, kernel_size=(1,), stride=(1,))
                  )
                )
              )
              (global_mlp): LinearMLP(
                (mlp): Sequential(
                  (linear0): Linear(in_features=192, out_features=192, bias=True)
                  (act0): ReLU()
                  (linear1): Linear(in_features=192, out_features=192, bias=True)
                )
              )
            )
            (4): PointNetV0(
              (conv_mlp): ConvMLP(
                (mlp): Sequential(
                  (layer0): ConvModule(
                    (conv): Conv1d(60, 192, kernel_size=(1,), stride=(1,))
                    (activate): ReLU(inplace=True)
                  )
                  (layer1): ConvModule(
                    (conv): Conv1d(192, 192, kernel_size=(1,), stride=(1,))
                  )
                )
              )
              (global_mlp): LinearMLP(
                (mlp): Sequential(
                  (linear0): Linear(in_features=192, out_features=192, bias=True)
                  (act0): ReLU()
                  (linear1): Linear(in_features=192, out_features=192, bias=True)
                )
              )
            )
          )
          (attn): TransformerEncoder(
            (attn_blocks): ModuleList(
              (0): TransformerBlock(
                (attn): MultiHeadSelfAttention(
                  (dropout): Dropout(p=0.1, inplace=False)
                )
                (mlp): LinearMLP(
                  (mlp): Sequential(
                    (linear0): Linear(in_features=192, out_features=768, bias=True)
                    (act0): ReLU()
                    (linear1): Linear(in_features=768, out_features=192, bias=True)
                  )
                )
                (ln): LayerNorm((192,), eps=1e-05, elementwise_affine=True)
                (dropout): Dropout(p=0.1, inplace=False)
              )
              (1): TransformerBlock(
                (attn): MultiHeadSelfAttention(
                  (dropout): Dropout(p=0.1, inplace=False)
                )
                (mlp): LinearMLP(
                  (mlp): Sequential(
                    (linear0): Linear(in_features=192, out_features=768, bias=True)
                    (act0): ReLU()
                    (linear1): Linear(in_features=768, out_features=192, bias=True)
                  )
                )
                (ln): LayerNorm((192,), eps=1e-05, elementwise_affine=True)
                (dropout): Dropout(p=0.1, inplace=False)
              )
            )
            (pooling): AttentionPooling(
              (dropout): Identity()
            )
          )
          (state_mlp): LinearMLP(
            (mlp): Sequential(
              (linear0): Linear(in_features=51, out_features=192, bias=True)
              (act0): ReLU()
              (linear1): Linear(in_features=192, out_features=192, bias=True)
            )
          )
          (global_mlp): LinearMLP(
            (mlp): Sequential(
              (linear0): Linear(in_features=192, out_features=128, bias=True)
              (act0): ReLU()
              (linear1): Linear(in_features=128, out_features=1, bias=True)
            )
          )
        )
        (1): PointNetWithInstanceInfoV0(
          (pcd_pns): ModuleList(
            (0): PointNetV0(
              (conv_mlp): ConvMLP(
                (mlp): Sequential(
                  (layer0): ConvModule(
                    (conv): Conv1d(60, 192, kernel_size=(1,), stride=(1,))
                    (activate): ReLU(inplace=True)
                  )
                  (layer1): ConvModule(
                    (conv): Conv1d(192, 192, kernel_size=(1,), stride=(1,))
                  )
                )
              )
              (global_mlp): LinearMLP(
                (mlp): Sequential(
                  (linear0): Linear(in_features=192, out_features=192, bias=True)
                  (act0): ReLU()
                  (linear1): Linear(in_features=192, out_features=192, bias=True)
                )
              )
            )
            (1): PointNetV0(
              (conv_mlp): ConvMLP(
                (mlp): Sequential(
                  (layer0): ConvModule(
                    (conv): Conv1d(60, 192, kernel_size=(1,), stride=(1,))
                    (activate): ReLU(inplace=True)
                  )
                  (layer1): ConvModule(
                    (conv): Conv1d(192, 192, kernel_size=(1,), stride=(1,))
                  )
                )
              )
              (global_mlp): LinearMLP(
                (mlp): Sequential(
                  (linear0): Linear(in_features=192, out_features=192, bias=True)
                  (act0): ReLU()
                  (linear1): Linear(in_features=192, out_features=192, bias=True)
                )
              )
            )
            (2): PointNetV0(
              (conv_mlp): ConvMLP(
                (mlp): Sequential(
                  (layer0): ConvModule(
                    (conv): Conv1d(60, 192, kernel_size=(1,), stride=(1,))
                    (activate): ReLU(inplace=True)
                  )
                  (layer1): ConvModule(
                    (conv): Conv1d(192, 192, kernel_size=(1,), stride=(1,))
                  )
                )
              )
              (global_mlp): LinearMLP(
                (mlp): Sequential(
                  (linear0): Linear(in_features=192, out_features=192, bias=True)
                  (act0): ReLU()
                  (linear1): Linear(in_features=192, out_features=192, bias=True)
                )
              )
            )
            (3): PointNetV0(
              (conv_mlp): ConvMLP(
                (mlp): Sequential(
                  (layer0): ConvModule(
                    (conv): Conv1d(60, 192, kernel_size=(1,), stride=(1,))
                    (activate): ReLU(inplace=True)
                  )
                  (layer1): ConvModule(
                    (conv): Conv1d(192, 192, kernel_size=(1,), stride=(1,))
                  )
                )
              )
              (global_mlp): LinearMLP(
                (mlp): Sequential(
                  (linear0): Linear(in_features=192, out_features=192, bias=True)
                  (act0): ReLU()
                  (linear1): Linear(in_features=192, out_features=192, bias=True)
                )
              )
            )
            (4): PointNetV0(
              (conv_mlp): ConvMLP(
                (mlp): Sequential(
                  (layer0): ConvModule(
                    (conv): Conv1d(60, 192, kernel_size=(1,), stride=(1,))
                    (activate): ReLU(inplace=True)
                  )
                  (layer1): ConvModule(
                    (conv): Conv1d(192, 192, kernel_size=(1,), stride=(1,))
                  )
                )
              )
              (global_mlp): LinearMLP(
                (mlp): Sequential(
                  (linear0): Linear(in_features=192, out_features=192, bias=True)
                  (act0): ReLU()
                  (linear1): Linear(in_features=192, out_features=192, bias=True)
                )
              )
            )
          )
          (attn): TransformerEncoder(
            (attn_blocks): ModuleList(
              (0): TransformerBlock(
                (attn): MultiHeadSelfAttention(
                  (dropout): Dropout(p=0.1, inplace=False)
                )
                (mlp): LinearMLP(
                  (mlp): Sequential(
                    (linear0): Linear(in_features=192, out_features=768, bias=True)
                    (act0): ReLU()
                    (linear1): Linear(in_features=768, out_features=192, bias=True)
                  )
                )
                (ln): LayerNorm((192,), eps=1e-05, elementwise_affine=True)
                (dropout): Dropout(p=0.1, inplace=False)
              )
              (1): TransformerBlock(
                (attn): MultiHeadSelfAttention(
                  (dropout): Dropout(p=0.1, inplace=False)
                )
                (mlp): LinearMLP(
                  (mlp): Sequential(
                    (linear0): Linear(in_features=192, out_features=768, bias=True)
                    (act0): ReLU()
                    (linear1): Linear(in_features=768, out_features=192, bias=True)
                  )
                )
                (ln): LayerNorm((192,), eps=1e-05, elementwise_affine=True)
                (dropout): Dropout(p=0.1, inplace=False)
              )
            )
            (pooling): AttentionPooling(
              (dropout): Identity()
            )
          )
          (state_mlp): LinearMLP(
            (mlp): Sequential(
              (linear0): Linear(in_features=51, out_features=192, bias=True)
              (act0): ReLU()
              (linear1): Linear(in_features=192, out_features=192, bias=True)
            )
          )
          (global_mlp): LinearMLP(
            (mlp): Sequential(
              (linear0): Linear(in_features=192, out_features=128, bias=True)
              (act0): ReLU()
              (linear1): Linear(in_features=128, out_features=1, bias=True)
            )
          )
        )
      )
    )
  )
  (model): CustomDataParallel(
    (module): Pointnet_transformer_model(
      (values): ModuleList(
        (0): PointNetWorldModel(
          (pcd_pns): ModuleList(
            (0): PointNetV0(
              (conv_mlp): ConvMLP(
                (mlp): Sequential(
                  (layer0): ConvModule(
                    (conv): Conv1d(60, 192, kernel_size=(1,), stride=(1,))
                    (activate): ReLU(inplace=True)
                  )
                  (layer1): ConvModule(
                    (conv): Conv1d(192, 192, kernel_size=(1,), stride=(1,))
                  )
                )
              )
              (global_mlp): LinearMLP(
                (mlp): Sequential(
                  (linear0): Linear(in_features=192, out_features=192, bias=True)
                  (act0): ReLU()
                  (linear1): Linear(in_features=192, out_features=192, bias=True)
                )
              )
            )
            (1): PointNetV0(
              (conv_mlp): ConvMLP(
                (mlp): Sequential(
                  (layer0): ConvModule(
                    (conv): Conv1d(60, 192, kernel_size=(1,), stride=(1,))
                    (activate): ReLU(inplace=True)
                  )
                  (layer1): ConvModule(
                    (conv): Conv1d(192, 192, kernel_size=(1,), stride=(1,))
                  )
                )
              )
              (global_mlp): LinearMLP(
                (mlp): Sequential(
                  (linear0): Linear(in_features=192, out_features=192, bias=True)
                  (act0): ReLU()
                  (linear1): Linear(in_features=192, out_features=192, bias=True)
                )
              )
            )
            (2): PointNetV0(
              (conv_mlp): ConvMLP(
                (mlp): Sequential(
                  (layer0): ConvModule(
                    (conv): Conv1d(60, 192, kernel_size=(1,), stride=(1,))
                    (activate): ReLU(inplace=True)
                  )
                  (layer1): ConvModule(
                    (conv): Conv1d(192, 192, kernel_size=(1,), stride=(1,))
                  )
                )
              )
              (global_mlp): LinearMLP(
                (mlp): Sequential(
                  (linear0): Linear(in_features=192, out_features=192, bias=True)
                  (act0): ReLU()
                  (linear1): Linear(in_features=192, out_features=192, bias=True)
                )
              )
            )
            (3): PointNetV0(
              (conv_mlp): ConvMLP(
                (mlp): Sequential(
                  (layer0): ConvModule(
                    (conv): Conv1d(60, 192, kernel_size=(1,), stride=(1,))
                    (activate): ReLU(inplace=True)
                  )
                  (layer1): ConvModule(
                    (conv): Conv1d(192, 192, kernel_size=(1,), stride=(1,))
                  )
                )
              )
              (global_mlp): LinearMLP(
                (mlp): Sequential(
                  (linear0): Linear(in_features=192, out_features=192, bias=True)
                  (act0): ReLU()
                  (linear1): Linear(in_features=192, out_features=192, bias=True)
                )
              )
            )
            (4): PointNetV0(
              (conv_mlp): ConvMLP(
                (mlp): Sequential(
                  (layer0): ConvModule(
                    (conv): Conv1d(60, 192, kernel_size=(1,), stride=(1,))
                    (activate): ReLU(inplace=True)
                  )
                  (layer1): ConvModule(
                    (conv): Conv1d(192, 192, kernel_size=(1,), stride=(1,))
                  )
                )
              )
              (global_mlp): LinearMLP(
                (mlp): Sequential(
                  (linear0): Linear(in_features=192, out_features=192, bias=True)
                  (act0): ReLU()
                  (linear1): Linear(in_features=192, out_features=192, bias=True)
                )
              )
            )
          )
          (attn): TransformerEncoder(
            (attn_blocks): ModuleList(
              (0): TransformerBlock(
                (attn): MultiHeadSelfAttention(
                  (dropout): Dropout(p=0.1, inplace=False)
                )
                (mlp): LinearMLP(
                  (mlp): Sequential(
                    (linear0): Linear(in_features=192, out_features=768, bias=True)
                    (act0): ReLU()
                    (linear1): Linear(in_features=768, out_features=192, bias=True)
                  )
                )
                (ln): LayerNorm((192,), eps=1e-05, elementwise_affine=True)
                (dropout): Dropout(p=0.1, inplace=False)
              )
              (1): TransformerBlock(
                (attn): MultiHeadSelfAttention(
                  (dropout): Dropout(p=0.1, inplace=False)
                )
                (mlp): LinearMLP(
                  (mlp): Sequential(
                    (linear0): Linear(in_features=192, out_features=768, bias=True)
                    (act0): ReLU()
                    (linear1): Linear(in_features=768, out_features=192, bias=True)
                  )
                )
                (ln): LayerNorm((192,), eps=1e-05, elementwise_affine=True)
                (dropout): Dropout(p=0.1, inplace=False)
              )
            )
            (pooling): AttentionPooling(
              (dropout): Identity()
            )
          )
          (state_mlp): LinearMLP(
            (mlp): Sequential(
              (linear0): Linear(in_features=51, out_features=192, bias=True)
              (act0): ReLU()
              (linear1): Linear(in_features=192, out_features=192, bias=True)
            )
          )
          (global_mlp1): LinearMLP(
            (mlp): Sequential(
              (linear0): Linear(in_features=252, out_features=128, bias=True)
              (act0): ReLU()
              (linear1): Linear(in_features=128, out_features=3, bias=True)
            )
          )
          (global_mlp2): LinearMLP(
            (mlp): Sequential(
              (linear0): Linear(in_features=243, out_features=128, bias=True)
              (act0): ReLU()
              (linear1): Linear(in_features=128, out_features=39, bias=True)
            )
          )
        )
      )
    )
  )
  (target_critic): CustomDataParallel(
    (module): ContinuousValue(
      (values): ModuleList(
        (0): PointNetWithInstanceInfoV0(
          (pcd_pns): ModuleList(
            (0): PointNetV0(
              (conv_mlp): ConvMLP(
                (mlp): Sequential(
                  (layer0): ConvModule(
                    (conv): Conv1d(60, 192, kernel_size=(1,), stride=(1,))
                    (activate): ReLU(inplace=True)
                  )
                  (layer1): ConvModule(
                    (conv): Conv1d(192, 192, kernel_size=(1,), stride=(1,))
                  )
                )
              )
              (global_mlp): LinearMLP(
                (mlp): Sequential(
                  (linear0): Linear(in_features=192, out_features=192, bias=True)
                  (act0): ReLU()
                  (linear1): Linear(in_features=192, out_features=192, bias=True)
                )
              )
            )
            (1): PointNetV0(
              (conv_mlp): ConvMLP(
                (mlp): Sequential(
                  (layer0): ConvModule(
                    (conv): Conv1d(60, 192, kernel_size=(1,), stride=(1,))
                    (activate): ReLU(inplace=True)
                  )
                  (layer1): ConvModule(
                    (conv): Conv1d(192, 192, kernel_size=(1,), stride=(1,))
                  )
                )
              )
              (global_mlp): LinearMLP(
                (mlp): Sequential(
                  (linear0): Linear(in_features=192, out_features=192, bias=True)
                  (act0): ReLU()
                  (linear1): Linear(in_features=192, out_features=192, bias=True)
                )
              )
            )
            (2): PointNetV0(
              (conv_mlp): ConvMLP(
                (mlp): Sequential(
                  (layer0): ConvModule(
                    (conv): Conv1d(60, 192, kernel_size=(1,), stride=(1,))
                    (activate): ReLU(inplace=True)
                  )
                  (layer1): ConvModule(
                    (conv): Conv1d(192, 192, kernel_size=(1,), stride=(1,))
                  )
                )
              )
              (global_mlp): LinearMLP(
                (mlp): Sequential(
                  (linear0): Linear(in_features=192, out_features=192, bias=True)
                  (act0): ReLU()
                  (linear1): Linear(in_features=192, out_features=192, bias=True)
                )
              )
            )
            (3): PointNetV0(
              (conv_mlp): ConvMLP(
                (mlp): Sequential(
                  (layer0): ConvModule(
                    (conv): Conv1d(60, 192, kernel_size=(1,), stride=(1,))
                    (activate): ReLU(inplace=True)
                  )
                  (layer1): ConvModule(
                    (conv): Conv1d(192, 192, kernel_size=(1,), stride=(1,))
                  )
                )
              )
              (global_mlp): LinearMLP(
                (mlp): Sequential(
                  (linear0): Linear(in_features=192, out_features=192, bias=True)
                  (act0): ReLU()
                  (linear1): Linear(in_features=192, out_features=192, bias=True)
                )
              )
            )
            (4): PointNetV0(
              (conv_mlp): ConvMLP(
                (mlp): Sequential(
                  (layer0): ConvModule(
                    (conv): Conv1d(60, 192, kernel_size=(1,), stride=(1,))
                    (activate): ReLU(inplace=True)
                  )
                  (layer1): ConvModule(
                    (conv): Conv1d(192, 192, kernel_size=(1,), stride=(1,))
                  )
                )
              )
              (global_mlp): LinearMLP(
                (mlp): Sequential(
                  (linear0): Linear(in_features=192, out_features=192, bias=True)
                  (act0): ReLU()
                  (linear1): Linear(in_features=192, out_features=192, bias=True)
                )
              )
            )
          )
          (attn): TransformerEncoder(
            (attn_blocks): ModuleList(
              (0): TransformerBlock(
                (attn): MultiHeadSelfAttention(
                  (dropout): Dropout(p=0.1, inplace=False)
                )
                (mlp): LinearMLP(
                  (mlp): Sequential(
                    (linear0): Linear(in_features=192, out_features=768, bias=True)
                    (act0): ReLU()
                    (linear1): Linear(in_features=768, out_features=192, bias=True)
                  )
                )
                (ln): LayerNorm((192,), eps=1e-05, elementwise_affine=True)
                (dropout): Dropout(p=0.1, inplace=False)
              )
              (1): TransformerBlock(
                (attn): MultiHeadSelfAttention(
                  (dropout): Dropout(p=0.1, inplace=False)
                )
                (mlp): LinearMLP(
                  (mlp): Sequential(
                    (linear0): Linear(in_features=192, out_features=768, bias=True)
                    (act0): ReLU()
                    (linear1): Linear(in_features=768, out_features=192, bias=True)
                  )
                )
                (ln): LayerNorm((192,), eps=1e-05, elementwise_affine=True)
                (dropout): Dropout(p=0.1, inplace=False)
              )
            )
            (pooling): AttentionPooling(
              (dropout): Identity()
            )
          )
          (state_mlp): LinearMLP(
            (mlp): Sequential(
              (linear0): Linear(in_features=51, out_features=192, bias=True)
              (act0): ReLU()
              (linear1): Linear(in_features=192, out_features=192, bias=True)
            )
          )
          (global_mlp): LinearMLP(
            (mlp): Sequential(
              (linear0): Linear(in_features=192, out_features=128, bias=True)
              (act0): ReLU()
              (linear1): Linear(in_features=128, out_features=1, bias=True)
            )
          )
        )
        (1): PointNetWithInstanceInfoV0(
          (pcd_pns): ModuleList(
            (0): PointNetV0(
              (conv_mlp): ConvMLP(
                (mlp): Sequential(
                  (layer0): ConvModule(
                    (conv): Conv1d(60, 192, kernel_size=(1,), stride=(1,))
                    (activate): ReLU(inplace=True)
                  )
                  (layer1): ConvModule(
                    (conv): Conv1d(192, 192, kernel_size=(1,), stride=(1,))
                  )
                )
              )
              (global_mlp): LinearMLP(
                (mlp): Sequential(
                  (linear0): Linear(in_features=192, out_features=192, bias=True)
                  (act0): ReLU()
                  (linear1): Linear(in_features=192, out_features=192, bias=True)
                )
              )
            )
            (1): PointNetV0(
              (conv_mlp): ConvMLP(
                (mlp): Sequential(
                  (layer0): ConvModule(
                    (conv): Conv1d(60, 192, kernel_size=(1,), stride=(1,))
                    (activate): ReLU(inplace=True)
                  )
                  (layer1): ConvModule(
                    (conv): Conv1d(192, 192, kernel_size=(1,), stride=(1,))
                  )
                )
              )
              (global_mlp): LinearMLP(
                (mlp): Sequential(
                  (linear0): Linear(in_features=192, out_features=192, bias=True)
                  (act0): ReLU()
                  (linear1): Linear(in_features=192, out_features=192, bias=True)
                )
              )
            )
            (2): PointNetV0(
              (conv_mlp): ConvMLP(
                (mlp): Sequential(
                  (layer0): ConvModule(
                    (conv): Conv1d(60, 192, kernel_size=(1,), stride=(1,))
                    (activate): ReLU(inplace=True)
                  )
                  (layer1): ConvModule(
                    (conv): Conv1d(192, 192, kernel_size=(1,), stride=(1,))
                  )
                )
              )
              (global_mlp): LinearMLP(
                (mlp): Sequential(
                  (linear0): Linear(in_features=192, out_features=192, bias=True)
                  (act0): ReLU()
                  (linear1): Linear(in_features=192, out_features=192, bias=True)
                )
              )
            )
            (3): PointNetV0(
              (conv_mlp): ConvMLP(
                (mlp): Sequential(
                  (layer0): ConvModule(
                    (conv): Conv1d(60, 192, kernel_size=(1,), stride=(1,))
                    (activate): ReLU(inplace=True)
                  )
                  (layer1): ConvModule(
                    (conv): Conv1d(192, 192, kernel_size=(1,), stride=(1,))
                  )
                )
              )
              (global_mlp): LinearMLP(
                (mlp): Sequential(
                  (linear0): Linear(in_features=192, out_features=192, bias=True)
                  (act0): ReLU()
                  (linear1): Linear(in_features=192, out_features=192, bias=True)
                )
              )
            )
            (4): PointNetV0(
              (conv_mlp): ConvMLP(
                (mlp): Sequential(
                  (layer0): ConvModule(
                    (conv): Conv1d(60, 192, kernel_size=(1,), stride=(1,))
                    (activate): ReLU(inplace=True)
                  )
                  (layer1): ConvModule(
                    (conv): Conv1d(192, 192, kernel_size=(1,), stride=(1,))
                  )
                )
              )
              (global_mlp): LinearMLP(
                (mlp): Sequential(
                  (linear0): Linear(in_features=192, out_features=192, bias=True)
                  (act0): ReLU()
                  (linear1): Linear(in_features=192, out_features=192, bias=True)
                )
              )
            )
          )
          (attn): TransformerEncoder(
            (attn_blocks): ModuleList(
              (0): TransformerBlock(
                (attn): MultiHeadSelfAttention(
                  (dropout): Dropout(p=0.1, inplace=False)
                )
                (mlp): LinearMLP(
                  (mlp): Sequential(
                    (linear0): Linear(in_features=192, out_features=768, bias=True)
                    (act0): ReLU()
                    (linear1): Linear(in_features=768, out_features=192, bias=True)
                  )
                )
                (ln): LayerNorm((192,), eps=1e-05, elementwise_affine=True)
                (dropout): Dropout(p=0.1, inplace=False)
              )
              (1): TransformerBlock(
                (attn): MultiHeadSelfAttention(
                  (dropout): Dropout(p=0.1, inplace=False)
                )
                (mlp): LinearMLP(
                  (mlp): Sequential(
                    (linear0): Linear(in_features=192, out_features=768, bias=True)
                    (act0): ReLU()
                    (linear1): Linear(in_features=768, out_features=192, bias=True)
                  )
                )
                (ln): LayerNorm((192,), eps=1e-05, elementwise_affine=True)
                (dropout): Dropout(p=0.1, inplace=False)
              )
            )
            (pooling): AttentionPooling(
              (dropout): Identity()
            )
          )
          (state_mlp): LinearMLP(
            (mlp): Sequential(
              (linear0): Linear(in_features=51, out_features=192, bias=True)
              (act0): ReLU()
              (linear1): Linear(in_features=192, out_features=192, bias=True)
            )
          )
          (global_mlp): LinearMLP(
            (mlp): Sequential(
              (linear0): Linear(in_features=192, out_features=128, bias=True)
              (act0): ReLU()
              (linear1): Linear(in_features=128, out_features=1, bias=True)
            )
          )
        )
      )
    )
  )
)
OpenCabinetDrawer-v0 - INFO - 2022-04-29 15:07:50 - Rollout state dim: {'pointcloud': {'rgb': (8, 1200, 3), 'xyz': (8, 1200, 3), 'seg': (8, 1200, 3)}, 'state': (8, 38)}, action dim: 8
OpenCabinetDrawer-v0 - INFO - 2022-04-29 15:09:07 - Finish 4000 warm-up steps!
OpenCabinetDrawer-v0 - INFO - 2022-04-29 15:19:33 - 5600/2000000(0%) Passed time:10m25s ETA:9d59m56s pred loss1:0.10 pred loss2:0.90 pred loss3:3.6134e-03 episode_length:200.00 episode_reward:-2522.34 critic_loss:0.94 max_critic_abs_err:2.82 policy_loss:39.27 alpha:0.65 alpha_loss:14.02 q:-45.03 q_target:-44.83 log_pi:-8.69 memory:40.73G gpu_mem_ratio:29.4% gpu_mem:9.32G gpu_mem_this:4.52G gpu_util:0%
OpenCabinetDrawer-v0 - INFO - 2022-04-29 15:29:59 - 7200/2000000(0%) Passed time:20m52s ETA:9d1h1m32s pred loss1:0.04 pred loss2:0.53 pred loss3:3.0797e-03 episode_length:200.00 episode_reward:-2346.22 critic_loss:1.03 max_critic_abs_err:5.01 policy_loss:80.69 alpha:0.44 alpha_loss:9.31 q:-84.79 q_target:-84.63 log_pi:-8.15 memory:41.90G gpu_mem_ratio:30.9% gpu_mem:9.82G gpu_mem_this:4.52G gpu_util:0%
OpenCabinetDrawer-v0 - INFO - 2022-04-29 15:40:27 - 8800/2000000(0%) Passed time:31m19s ETA:9d1h1m48s pred loss1:0.07 pred loss2:0.31 pred loss3:3.3070e-03 episode_length:200.00 episode_reward:-2305.69 critic_loss:0.74 max_critic_abs_err:3.18 policy_loss:114.85 alpha:0.31 alpha_loss:6.25 q:-117.89 q_target:-117.75 log_pi:-7.32 memory:43.53G gpu_mem_ratio:35.7% gpu_mem:11.32G gpu_mem_this:5.27G gpu_util:0%
OpenCabinetDrawer-v0 - INFO - 2022-04-29 15:50:54 - 10400/2000000(1%) Passed time:41m46s ETA:9d54m39s pred loss1:0.05 pred loss2:0.23 pred loss3:2.0434e-03 episode_length:200.00 episode_reward:-2216.93 critic_loss:0.92 max_critic_abs_err:4.41 policy_loss:141.61 alpha:0.22 alpha_loss:4.19 q:-144.04 q_target:-143.76 log_pi:-6.35 memory:44.60G gpu_mem_ratio:37.2% gpu_mem:11.82G gpu_mem_this:5.27G gpu_util:0%
OpenCabinetDrawer-v0 - INFO - 2022-04-29 16:01:22 - 12000/2000000(1%) Passed time:52m14s ETA:9d48m27s pred loss1:0.04 pred loss2:0.20 pred loss3:1.6840e-03 episode_length:200.00 episode_reward:-2193.43 critic_loss:0.53 max_critic_abs_err:3.42 policy_loss:161.22 alpha:0.15 alpha_loss:2.79 q:-163.21 q_target:-163.06 log_pi:-5.15 memory:45.32G gpu_mem_ratio:37.2% gpu_mem:11.82G gpu_mem_this:5.27G gpu_util:0%
OpenCabinetDrawer-v0 - INFO - 2022-04-29 16:11:50 - 13600/2000000(1%) Passed time:1h2m42s ETA:9d40m23s pred loss1:0.04 pred loss2:0.17 pred loss3:1.5444e-03 episode_length:200.00 episode_reward:-2171.34 critic_loss:1.38 max_critic_abs_err:6.59 policy_loss:177.00 alpha:0.11 alpha_loss:1.83 q:-178.53 q_target:-178.27 log_pi:-3.77 memory:46.07G gpu_mem_ratio:38.0% gpu_mem:12.07G gpu_mem_this:5.52G gpu_util:0%
OpenCabinetDrawer-v0 - INFO - 2022-04-29 16:22:20 - 15200/2000000(1%) Passed time:1h13m12s ETA:9d39m15s pred loss1:0.04 pred loss2:0.17 pred loss3:1.4585e-03 episode_length:200.00 episode_reward:-2135.91 critic_loss:0.71 max_critic_abs_err:4.13 policy_loss:187.20 alpha:0.08 alpha_loss:1.23 q:-188.51 q_target:-188.38 log_pi:-2.70 memory:47.56G gpu_mem_ratio:41.2% gpu_mem:13.07G gpu_mem_this:6.52G gpu_util:0%
OpenCabinetDrawer-v0 - INFO - 2022-04-29 16:32:48 - 16800/2000000(1%) Passed time:1h23m40s ETA:9d30m39s pred loss1:0.03 pred loss2:0.14 pred loss3:1.3948e-03 episode_length:200.00 episode_reward:-2147.58 critic_loss:1.11 max_critic_abs_err:3.42 policy_loss:195.11 alpha:0.06 alpha_loss:0.78 q:-196.32 q_target:-196.15 log_pi:-0.89 memory:48.23G gpu_mem_ratio:41.2% gpu_mem:13.07G gpu_mem_this:6.52G gpu_util:0%
OpenCabinetDrawer-v0 - INFO - 2022-04-29 16:43:15 - 18400/2000000(1%) Passed time:1h34m7s ETA:9d18m30s pred loss1:0.03 pred loss2:0.16 pred loss3:1.4205e-03 episode_length:200.00 episode_reward:-2120.29 critic_loss:0.93 max_critic_abs_err:4.88 policy_loss:200.76 alpha:0.04 alpha_loss:0.49 q:-201.79 q_target:-201.56 log_pi:0.94 memory:49.16G gpu_mem_ratio:41.2% gpu_mem:13.07G gpu_mem_this:6.52G gpu_util:0%
OpenCabinetDrawer-v0 - INFO - 2022-04-29 16:53:45 - 20000/2000000(1%) Passed time:1h44m37s ETA:9d13m27s pred loss1:0.03 pred loss2:0.16 pred loss3:1.3203e-03 episode_length:200.00 episode_reward:-2105.13 critic_loss:0.34 max_critic_abs_err:2.78 policy_loss:204.79 alpha:0.03 alpha_loss:0.29 q:-205.86 q_target:-205.72 log_pi:3.20 memory:50.36G gpu_mem_ratio:41.2% gpu_mem:13.07G gpu_mem_this:6.52G gpu_util:0%
OpenCabinetDrawer-v0 - INFO - 2022-04-29 16:53:45 - Save model at step: 20000.The model will be saved at ./work_dirs/OpenCabinetDrawer-v0/MBPO/models/model_20000.ckpt
OpenCabinetDrawer-v0 - INFO - 2022-04-29 17:04:12 - 21600/2000000(1%) Passed time:1h55m4s ETA:9d1m4s pred loss1:0.03 pred loss2:0.15 pred loss3:1.3279e-03 episode_length:200.00 episode_reward:-2081.60 critic_loss:0.67 max_critic_abs_err:4.05 policy_loss:206.97 alpha:0.02 alpha_loss:0.18 q:-207.95 q_target:-207.74 log_pi:4.74 memory:50.88G gpu_mem_ratio:41.2% gpu_mem:13.07G gpu_mem_this:6.52G gpu_util:0%
OpenCabinetDrawer-v0 - INFO - 2022-04-29 17:14:33 - 23200/2000000(1%) Passed time:2h5m25s ETA:8d23h39m11s pred loss1:0.02 pred loss2:0.15 pred loss3:1.3055e-03 episode_length:200.00 episode_reward:-2051.04 critic_loss:0.64 max_critic_abs_err:3.99 policy_loss:208.18 alpha:0.02 alpha_loss:0.10 q:-209.10 q_target:-208.99 log_pi:6.81 memory:51.64G gpu_mem_ratio:41.2% gpu_mem:13.07G gpu_mem_this:6.52G gpu_util:12%
OpenCabinetDrawer-v0 - INFO - 2022-04-29 17:25:05 - 24800/2000000(1%) Passed time:2h15m57s ETA:8d23h36m59s pred loss1:0.03 pred loss2:0.12 pred loss3:1.2655e-03 episode_length:200.00 episode_reward:-2081.22 critic_loss:0.39 max_critic_abs_err:3.09 policy_loss:209.06 alpha:0.01 alpha_loss:0.05 q:-209.92 q_target:-209.77 log_pi:8.54 memory:52.41G gpu_mem_ratio:41.2% gpu_mem:13.07G gpu_mem_this:6.52G gpu_util:0%
OpenCabinetDrawer-v0 - INFO - 2022-04-29 17:35:33 - 26400/2000000(1%) Passed time:2h26m25s ETA:8d23h26m42s pred loss1:0.03 pred loss2:0.12 pred loss3:1.3440e-03 episode_length:200.00 episode_reward:-2097.22 critic_loss:1.06 max_critic_abs_err:3.80 policy_loss:209.53 alpha:9.4531e-03 alpha_loss:0.03 q:-210.29 q_target:-210.07 log_pi:10.00 memory:53.24G gpu_mem_ratio:41.2% gpu_mem:13.07G gpu_mem_this:6.52G gpu_util:0%
OpenCabinetDrawer-v0 - INFO - 2022-04-29 17:46:00 - 28000/2000000(1%) Passed time:2h36m52s ETA:8d23h15m40s pred loss1:0.04 pred loss2:0.12 pred loss3:1.4772e-03 episode_length:200.00 episode_reward:-2053.92 critic_loss:0.74 max_critic_abs_err:5.88 policy_loss:209.48 alpha:7.6330e-03 alpha_loss:0.01 q:-210.27 q_target:-210.12 log_pi:11.37 memory:53.96G gpu_mem_ratio:41.2% gpu_mem:13.07G gpu_mem_this:6.52G gpu_util:0%
OpenCabinetDrawer-v0 - INFO - 2022-04-29 17:56:27 - 29600/2000000(1%) Passed time:2h47m19s ETA:8d23h5m17s pred loss1:0.05 pred loss2:0.11 pred loss3:1.2196e-03 episode_length:200.00 episode_reward:-2052.80 critic_loss:0.66 max_critic_abs_err:3.29 policy_loss:209.03 alpha:6.5693e-03 alpha_loss:5.0261e-04 q:-209.84 q_target:-209.66 log_pi:12.92 memory:54.68G gpu_mem_ratio:41.2% gpu_mem:13.07G gpu_mem_this:6.52G gpu_util:0%
OpenCabinetDrawer-v0 - INFO - 2022-04-29 18:06:54 - 31200/2000000(2%) Passed time:2h57m46s ETA:8d22h53m32s pred loss1:0.03 pred loss2:0.09 pred loss3:1.2115e-03 episode_length:200.00 episode_reward:-2071.32 critic_loss:0.71 max_critic_abs_err:4.83 policy_loss:209.36 alpha:5.6070e-03 alpha_loss:2.3901e-03 q:-210.19 q_target:-209.95 log_pi:12.57 memory:55.28G gpu_mem_ratio:41.2% gpu_mem:13.07G gpu_mem_this:6.52G gpu_util:0%
OpenCabinetDrawer-v0 - INFO - 2022-04-29 18:17:20 - 32800/2000000(2%) Passed time:3h8m12s ETA:8d22h41m37s pred loss1:0.09 pred loss2:0.08 pred loss3:1.0967e-03 episode_length:200.00 episode_reward:-2042.10 critic_loss:0.76 max_critic_abs_err:5.48 policy_loss:208.98 alpha:5.2509e-03 alpha_loss:1.6668e-03 q:-209.69 q_target:-209.52 log_pi:12.68 memory:55.98G gpu_mem_ratio:41.2% gpu_mem:13.07G gpu_mem_this:6.52G gpu_util:0%
OpenCabinetDrawer-v0 - INFO - 2022-04-29 18:27:49 - 34400/2000000(2%) Passed time:3h18m41s ETA:8d22h33m25s pred loss1:0.06 pred loss2:0.08 pred loss3:1.1155e-03 episode_length:200.00 episode_reward:-2030.73 critic_loss:1.02 max_critic_abs_err:5.75 policy_loss:208.63 alpha:5.7546e-03 alpha_loss:-2.9693e-03 q:-209.49 q_target:-209.26 log_pi:13.52 memory:56.57G gpu_mem_ratio:41.2% gpu_mem:13.07G gpu_mem_this:6.52G gpu_util:0%
OpenCabinetDrawer-v0 - INFO - 2022-04-29 18:38:17 - 36000/2000000(2%) Passed time:3h29m9s ETA:8d22h23m7s pred loss1:0.05 pred loss2:0.09 pred loss3:1.1047e-03 episode_length:200.00 episode_reward:-2023.54 critic_loss:1.15 max_critic_abs_err:6.39 policy_loss:206.64 alpha:7.0854e-03 alpha_loss:6.8103e-04 q:-207.53 q_target:-207.36 log_pi:12.90 memory:57.75G gpu_mem_ratio:41.2% gpu_mem:13.07G gpu_mem_this:6.52G gpu_util:0%
OpenCabinetDrawer-v0 - INFO - 2022-04-29 18:48:47 - 37600/2000000(2%) Passed time:3h39m39s ETA:8d22h15m35s pred loss1:0.06 pred loss2:0.07 pred loss3:9.9474e-04 episode_length:200.00 episode_reward:-2045.20 critic_loss:1.00 max_critic_abs_err:4.31 policy_loss:205.49 alpha:7.9920e-03 alpha_loss:4.5803e-03 q:-206.45 q_target:-206.21 log_pi:12.43 memory:58.46G gpu_mem_ratio:41.2% gpu_mem:13.07G gpu_mem_this:6.52G gpu_util:0%
OpenCabinetDrawer-v0 - INFO - 2022-04-29 18:59:14 - 39200/2000000(2%) Passed time:3h50m6s ETA:8d22h4m37s pred loss1:0.06 pred loss2:0.07 pred loss3:9.6322e-04 episode_length:200.00 episode_reward:-2005.26 critic_loss:0.97 max_critic_abs_err:4.63 policy_loss:203.84 alpha:8.4125e-03 alpha_loss:-2.7861e-03 q:-204.80 q_target:-204.61 log_pi:13.33 memory:59.17G gpu_mem_ratio:41.2% gpu_mem:13.07G gpu_mem_this:6.52G gpu_util:0%
OpenCabinetDrawer-v0 - INFO - 2022-04-29 19:09:45 - 40800/2000000(2%) Passed time:4h37s ETA:8d21h56m32s pred loss1:0.08 pred loss2:0.07 pred loss3:9.1970e-04 episode_length:200.00 episode_reward:-2065.94 critic_loss:0.80 max_critic_abs_err:4.07 policy_loss:203.37 alpha:8.1947e-03 alpha_loss:1.8848e-04 q:-204.36 q_target:-204.12 log_pi:12.98 memory:59.73G gpu_mem_ratio:41.2% gpu_mem:13.07G gpu_mem_this:6.52G gpu_util:0%
OpenCabinetDrawer-v0 - INFO - 2022-04-29 19:09:45 - Save model at step: 40800.The model will be saved at ./work_dirs/OpenCabinetDrawer-v0/MBPO/models/model_40000.ckpt
OpenCabinetDrawer-v0 - INFO - 2022-04-29 19:20:08 - 42400/2000000(2%) Passed time:4h11m ETA:8d21h42m41s pred loss1:0.06 pred loss2:0.07 pred loss3:1.0584e-03 episode_length:200.00 episode_reward:-2038.50 critic_loss:1.12 max_critic_abs_err:4.44 policy_loss:201.70 alpha:8.0911e-03 alpha_loss:-2.8550e-03 q:-202.63 q_target:-202.46 log_pi:13.35 memory:60.36G gpu_mem_ratio:41.2% gpu_mem:13.07G gpu_mem_this:6.52G gpu_util:15%
OpenCabinetDrawer-v0 - INFO - 2022-04-29 19:30:35 - 44000/2000000(2%) Passed time:4h21m28s ETA:8d21h31m53s pred loss1:0.08 pred loss2:0.07 pred loss3:9.2540e-04 episode_length:200.00 episode_reward:-2021.00 critic_loss:1.27 max_critic_abs_err:6.43 policy_loss:201.20 alpha:8.4499e-03 alpha_loss:1.2384e-03 q:-202.09 q_target:-201.91 log_pi:12.85 memory:60.86G gpu_mem_ratio:41.2% gpu_mem:13.07G gpu_mem_this:6.52G gpu_util:0%
OpenCabinetDrawer-v0 - INFO - 2022-04-29 19:41:03 - 45600/2000000(2%) Passed time:4h31m55s ETA:8d21h21m29s pred loss1:0.05 pred loss2:0.07 pred loss3:8.7779e-04 episode_length:200.00 episode_reward:-2019.07 critic_loss:1.27 max_critic_abs_err:5.57 policy_loss:200.78 alpha:8.4851e-03 alpha_loss:-2.3362e-03 q:-201.80 q_target:-201.52 log_pi:13.28 memory:61.70G gpu_mem_ratio:41.2% gpu_mem:13.07G gpu_mem_this:6.52G gpu_util:0%
OpenCabinetDrawer-v0 - INFO - 2022-04-29 19:51:29 - 47200/2000000(2%) Passed time:4h42m21s ETA:8d21h9m47s pred loss1:0.10 pred loss2:0.06 pred loss3:9.3408e-04 episode_length:200.00 episode_reward:-2044.58 critic_loss:0.85 max_critic_abs_err:4.04 policy_loss:200.55 alpha:8.0012e-03 alpha_loss:-2.5626e-03 q:-201.42 q_target:-201.23 log_pi:13.32 memory:62.22G gpu_mem_ratio:41.2% gpu_mem:13.07G gpu_mem_this:6.52G gpu_util:0%
OpenCabinetDrawer-v0 - INFO - 2022-04-29 20:01:59 - 48800/2000000(2%) Passed time:4h52m51s ETA:8d21h1m29s pred loss1:0.12 pred loss2:0.05 pred loss3:9.1747e-04 episode_length:200.00 episode_reward:-2043.76 critic_loss:2.06 max_critic_abs_err:5.97 policy_loss:199.93 alpha:7.9473e-03 alpha_loss:3.8761e-03 q:-201.01 q_target:-200.65 log_pi:12.51 memory:62.71G gpu_mem_ratio:41.2% gpu_mem:13.07G gpu_mem_this:6.52G gpu_util:0%
OpenCabinetDrawer-v0 - INFO - 2022-04-29 20:12:21 - 50400/2000000(3%) Passed time:5h3m13s ETA:8d20h46m56s pred loss1:0.05 pred loss2:0.06 pred loss3:9.1182e-04 episode_length:200.00 episode_reward:-2003.20 critic_loss:1.42 max_critic_abs_err:6.46 policy_loss:200.13 alpha:7.5236e-03 alpha_loss:-2.8525e-03 q:-200.97 q_target:-200.65 log_pi:13.38 memory:63.28G gpu_mem_ratio:41.2% gpu_mem:13.07G gpu_mem_this:6.52G gpu_util:0%
OpenCabinetDrawer-v0 - INFO - 2022-04-29 20:22:51 - 52000/2000000(3%) Passed time:5h13m43s ETA:8d20h38m7s pred loss1:0.09 pred loss2:0.05 pred loss3:9.1914e-04 episode_length:200.00 episode_reward:-1999.52 critic_loss:1.56 max_critic_abs_err:6.95 policy_loss:199.56 alpha:7.5195e-03 alpha_loss:-1.6906e-03 q:-200.44 q_target:-200.20 log_pi:13.22 memory:63.85G gpu_mem_ratio:41.2% gpu_mem:13.07G gpu_mem_this:6.52G gpu_util:0%
OpenCabinetDrawer-v0 - INFO - 2022-04-29 20:33:16 - 53600/2000000(3%) Passed time:5h24m8s ETA:8d20h26m21s pred loss1:0.06 pred loss2:0.05 pred loss3:1.0774e-03 episode_length:200.00 episode_reward:-1995.60 critic_loss:1.36 max_critic_abs_err:6.36 policy_loss:199.36 alpha:7.6006e-03 alpha_loss:-6.9365e-04 q:-200.23 q_target:-199.99 log_pi:13.09 memory:64.44G gpu_mem_ratio:41.2% gpu_mem:13.07G gpu_mem_this:6.52G gpu_util:0%
OpenCabinetDrawer-v0 - INFO - 2022-04-29 20:43:40 - 55200/2000000(3%) Passed time:5h34m32s ETA:8d20h13m46s pred loss1:0.09 pred loss2:0.07 pred loss3:1.1159e-03 episode_length:200.00 episode_reward:-1953.89 critic_loss:1.12 max_critic_abs_err:4.03 policy_loss:199.06 alpha:7.5095e-03 alpha_loss:1.5810e-03 q:-199.86 q_target:-199.66 log_pi:12.79 memory:65.06G gpu_mem_ratio:41.2% gpu_mem:13.07G gpu_mem_this:6.52G gpu_util:5%
OpenCabinetDrawer-v0 - INFO - 2022-04-29 20:54:13 - 56800/2000000(3%) Passed time:5h45m5s ETA:8d20h6m37s pred loss1:0.07 pred loss2:0.04 pred loss3:8.1590e-04 episode_length:200.00 episode_reward:-2009.70 critic_loss:1.12 max_critic_abs_err:3.82 policy_loss:198.74 alpha:7.9990e-03 alpha_loss:-1.8341e-03 q:-199.60 q_target:-199.31 log_pi:13.23 memory:65.70G gpu_mem_ratio:41.2% gpu_mem:13.07G gpu_mem_this:6.52G gpu_util:0%
OpenCabinetDrawer-v0 - INFO - 2022-04-29 21:04:46 - 58400/2000000(3%) Passed time:5h55m39s ETA:8d19h59m47s pred loss1:0.07 pred loss2:0.04 pred loss3:8.8562e-04 episode_length:200.00 episode_reward:-2028.16 critic_loss:1.34 max_critic_abs_err:6.39 policy_loss:198.94 alpha:8.2394e-03 alpha_loss:5.8642e-04 q:-199.86 q_target:-199.58 log_pi:12.93 memory:66.30G gpu_mem_ratio:41.2% gpu_mem:13.07G gpu_mem_this:6.52G gpu_util:0%
OpenCabinetDrawer-v0 - INFO - 2022-04-29 21:15:21 - 60000/2000000(3%) Passed time:6h6m13s ETA:8d19h53m7s pred loss1:0.09 pred loss2:0.04 pred loss3:8.0793e-04 episode_length:200.00 episode_reward:-2052.51 critic_loss:1.27 max_critic_abs_err:5.56 policy_loss:197.75 alpha:8.2885e-03 alpha_loss:-3.1990e-04 q:-198.71 q_target:-198.44 log_pi:13.04 memory:67.00G gpu_mem_ratio:41.2% gpu_mem:13.07G gpu_mem_this:6.52G gpu_util:0%
OpenCabinetDrawer-v0 - INFO - 2022-04-29 21:15:21 - Save model at step: 60000.The model will be saved at ./work_dirs/OpenCabinetDrawer-v0/MBPO/models/model_60000.ckpt
OpenCabinetDrawer-v0 - INFO - 2022-04-29 21:25:59 - 61600/2000000(3%) Passed time:6h16m52s ETA:8d19h48m49s pred loss1:0.06 pred loss2:0.03 pred loss3:7.5438e-04 episode_length:200.00 episode_reward:-1963.78 critic_loss:1.34 max_critic_abs_err:5.62 policy_loss:197.62 alpha:8.3729e-03 alpha_loss:-2.6559e-03 q:-198.53 q_target:-198.30 log_pi:13.32 memory:67.64G gpu_mem_ratio:41.2% gpu_mem:13.07G gpu_mem_this:6.52G gpu_util:0%
OpenCabinetDrawer-v0 - INFO - 2022-04-29 21:36:34 - 63200/2000000(3%) Passed time:6h27m26s ETA:8d19h41m42s pred loss1:0.04 pred loss2:0.03 pred loss3:8.4411e-04 episode_length:200.00 episode_reward:-2030.22 critic_loss:1.08 max_critic_abs_err:4.59 policy_loss:196.47 alpha:8.3403e-03 alpha_loss:7.5030e-04 q:-197.39 q_target:-197.12 log_pi:12.91 memory:68.19G gpu_mem_ratio:41.2% gpu_mem:13.07G gpu_mem_this:6.52G gpu_util:0%
OpenCabinetDrawer-v0 - INFO - 2022-04-29 21:47:09 - 64800/2000000(3%) Passed time:6h38m ETA:8d19h34m51s pred loss1:0.10 pred loss2:0.03 pred loss3:7.8845e-04 episode_length:200.00 episode_reward:-1966.22 critic_loss:1.24 max_critic_abs_err:4.85 policy_loss:196.64 alpha:8.5194e-03 alpha_loss:1.6462e-03 q:-197.60 q_target:-197.24 log_pi:12.81 memory:68.68G gpu_mem_ratio:41.2% gpu_mem:13.07G gpu_mem_this:6.52G gpu_util:0%
OpenCabinetDrawer-v0 - INFO - 2022-04-29 21:57:46 - 66400/2000000(3%) Passed time:6h48m38s ETA:8d19h28m41s pred loss1:0.05 pred loss2:0.04 pred loss3:8.2385e-04 episode_length:200.00 episode_reward:-1922.48 critic_loss:1.41 max_critic_abs_err:5.06 policy_loss:196.47 alpha:8.4945e-03 alpha_loss:-1.1757e-03 q:-197.36 q_target:-196.99 log_pi:13.14 memory:69.21G gpu_mem_ratio:41.2% gpu_mem:13.07G gpu_mem_this:6.52G gpu_util:0%
OpenCabinetDrawer-v0 - INFO - 2022-04-29 22:08:23 - 68000/2000000(3%) Passed time:6h59m15s ETA:8d19h22m31s pred loss1:0.07 pred loss2:0.03 pred loss3:7.3135e-04 episode_length:200.00 episode_reward:-1971.30 critic_loss:1.44 max_critic_abs_err:6.24 policy_loss:196.32 alpha:8.4588e-03 alpha_loss:-2.1048e-03 q:-197.16 q_target:-196.94 log_pi:13.25 memory:69.77G gpu_mem_ratio:41.2% gpu_mem:13.07G gpu_mem_this:6.52G gpu_util:0%
OpenCabinetDrawer-v0 - INFO - 2022-04-29 22:19:01 - 69600/2000000(3%) Passed time:7h9m53s ETA:8d19h16m35s pred loss1:0.04 pred loss2:0.04 pred loss3:7.9861e-04 episode_length:200.00 episode_reward:-1994.77 critic_loss:1.30 max_critic_abs_err:4.87 policy_loss:196.42 alpha:8.8362e-03 alpha_loss:-5.6248e-04 q:-197.34 q_target:-197.05 log_pi:13.06 memory:70.31G gpu_mem_ratio:41.2% gpu_mem:13.07G gpu_mem_this:6.52G gpu_util:0%
OpenCabinetDrawer-v0 - INFO - 2022-04-29 22:29:33 - 71200/2000000(4%) Passed time:7h20m25s ETA:8d19h7m29s pred loss1:0.05 pred loss2:0.04 pred loss3:7.9632e-04 episode_length:200.00 episode_reward:-1941.98 critic_loss:1.42 max_critic_abs_err:5.72 policy_loss:195.64 alpha:9.2216e-03 alpha_loss:-1.7825e-04 q:-196.52 q_target:-196.16 log_pi:13.02 memory:70.89G gpu_mem_ratio:41.2% gpu_mem:13.07G gpu_mem_this:6.52G gpu_util:4%
OpenCabinetDrawer-v0 - INFO - 2022-04-29 22:40:05 - 72800/2000000(4%) Passed time:7h30m57s ETA:8d18h58m8s pred loss1:0.07 pred loss2:0.03 pred loss3:1.1022e-03 episode_length:200.00 episode_reward:-1974.54 critic_loss:1.28 max_critic_abs_err:6.38 policy_loss:194.57 alpha:8.9589e-03 alpha_loss:-1.0832e-03 q:-195.48 q_target:-195.21 log_pi:13.12 memory:71.39G gpu_mem_ratio:41.2% gpu_mem:13.07G gpu_mem_this:6.52G gpu_util:5%
OpenCabinetDrawer-v0 - INFO - 2022-04-29 22:50:32 - 74400/2000000(4%) Passed time:7h41m24s ETA:8d18h47m pred loss1:0.05 pred loss2:0.02 pred loss3:7.1246e-04 episode_length:200.00 episode_reward:-1912.13 critic_loss:1.66 max_critic_abs_err:5.77 policy_loss:194.78 alpha:9.2582e-03 alpha_loss:6.4973e-03 q:-195.59 q_target:-195.35 log_pi:12.30 memory:71.89G gpu_mem_ratio:41.2% gpu_mem:13.07G gpu_mem_this:6.52G gpu_util:0%
OpenCabinetDrawer-v0 - INFO - 2022-04-29 23:01:03 - 76000/2000000(4%) Passed time:7h51m56s ETA:8d18h37m21s pred loss1:0.07 pred loss2:0.04 pred loss3:7.3270e-04 episode_length:200.00 episode_reward:-1924.86 critic_loss:1.50 max_critic_abs_err:4.91 policy_loss:194.50 alpha:9.4943e-03 alpha_loss:2.4661e-03 q:-195.40 q_target:-195.07 log_pi:12.74 memory:72.44G gpu_mem_ratio:41.2% gpu_mem:13.07G gpu_mem_this:6.52G gpu_util:0%
OpenCabinetDrawer-v0 - INFO - 2022-04-29 23:11:30 - 77600/2000000(4%) Passed time:8h2m22s ETA:8d18h25m47s pred loss1:0.12 pred loss2:0.05 pred loss3:7.4013e-04 episode_length:200.00 episode_reward:-1941.34 critic_loss:1.38 max_critic_abs_err:5.19 policy_loss:194.33 alpha:9.7486e-03 alpha_loss:2.6862e-03 q:-195.22 q_target:-194.93 log_pi:12.72 memory:72.93G gpu_mem_ratio:41.2% gpu_mem:13.07G gpu_mem_this:6.52G gpu_util:0%
OpenCabinetDrawer-v0 - INFO - 2022-04-29 23:21:58 - 79200/2000000(4%) Passed time:8h12m50s ETA:8d18h14m39s pred loss1:0.05 pred loss2:0.03 pred loss3:7.3706e-04 episode_length:200.00 episode_reward:-1959.35 critic_loss:1.46 max_critic_abs_err:5.11 policy_loss:193.95 alpha:9.6213e-03 alpha_loss:-3.3035e-04 q:-194.74 q_target:-194.48 log_pi:13.03 memory:73.41G gpu_mem_ratio:41.2% gpu_mem:13.07G gpu_mem_this:6.52G gpu_util:0%
OpenCabinetDrawer-v0 - INFO - 2022-04-29 23:32:29 - 80800/2000000(4%) Passed time:8h23m21s ETA:8d18h4m51s pred loss1:0.07 pred loss2:0.04 pred loss3:8.0847e-04 episode_length:200.00 episode_reward:-1884.38 critic_loss:1.71 max_critic_abs_err:6.63 policy_loss:193.09 alpha:9.9120e-03 alpha_loss:1.7323e-03 q:-193.96 q_target:-193.64 log_pi:12.83 memory:74.07G gpu_mem_ratio:41.2% gpu_mem:13.07G gpu_mem_this:6.52G gpu_util:0%
OpenCabinetDrawer-v0 - INFO - 2022-04-29 23:32:29 - Save model at step: 80800.The model will be saved at ./work_dirs/OpenCabinetDrawer-v0/MBPO/models/model_80000.ckpt
OpenCabinetDrawer-v0 - INFO - 2022-04-29 23:42:57 - 82400/2000000(4%) Passed time:8h33m50s ETA:8d17h54m11s pred loss1:0.06 pred loss2:0.06 pred loss3:7.1125e-04 episode_length:200.00 episode_reward:-1972.92 critic_loss:1.51 max_critic_abs_err:5.15 policy_loss:193.21 alpha:9.9856e-03 alpha_loss:3.3952e-03 q:-194.20 q_target:-193.86 log_pi:12.66 memory:74.63G gpu_mem_ratio:41.2% gpu_mem:13.07G gpu_mem_this:6.52G gpu_util:10%
OpenCabinetDrawer-v0 - INFO - 2022-04-29 23:53:27 - 84000/2000000(4%) Passed time:8h44m19s ETA:8d17h43m48s pred loss1:0.04 pred loss2:0.02 pred loss3:7.6362e-04 episode_length:200.00 episode_reward:-1854.74 critic_loss:1.70 max_critic_abs_err:4.27 policy_loss:193.09 alpha:9.9922e-03 alpha_loss:1.4462e-04 q:-194.10 q_target:-193.75 log_pi:12.99 memory:75.12G gpu_mem_ratio:41.2% gpu_mem:13.07G gpu_mem_this:6.52G gpu_util:0%
OpenCabinetDrawer-v0 - INFO - 2022-04-30 00:04:00 - 85600/2000000(4%) Passed time:8h54m52s ETA:8d17h34m45s pred loss1:0.06 pred loss2:0.02 pred loss3:6.6257e-04 episode_length:200.00 episode_reward:-1922.18 critic_loss:1.34 max_critic_abs_err:5.84 policy_loss:192.65 alpha:9.7882e-03 alpha_loss:-3.7036e-04 q:-193.57 q_target:-193.29 log_pi:13.04 memory:75.62G gpu_mem_ratio:41.2% gpu_mem:13.07G gpu_mem_this:6.52G gpu_util:0%
OpenCabinetDrawer-v0 - INFO - 2022-04-30 00:14:28 - 87200/2000000(4%) Passed time:9h5m20s ETA:8d17h23m50s pred loss1:0.08 pred loss2:0.03 pred loss3:6.9042e-04 episode_length:200.00 episode_reward:-1877.80 critic_loss:2.58 max_critic_abs_err:8.13 policy_loss:192.40 alpha:9.8540e-03 alpha_loss:-5.8830e-03 q:-193.23 q_target:-192.90 log_pi:13.60 memory:76.10G gpu_mem_ratio:41.2% gpu_mem:13.07G gpu_mem_this:6.52G gpu_util:0%
OpenCabinetDrawer-v0 - INFO - 2022-04-30 00:24:59 - 88800/2000000(4%) Passed time:9h15m51s ETA:8d17h14m10s pred loss1:0.08 pred loss2:0.02 pred loss3:6.6885e-04 episode_length:200.00 episode_reward:-1912.35 critic_loss:1.11 max_critic_abs_err:4.74 policy_loss:192.74 alpha:0.01 alpha_loss:1.3125e-03 q:-193.62 q_target:-193.35 log_pi:12.87 memory:76.60G gpu_mem_ratio:41.2% gpu_mem:13.07G gpu_mem_this:6.52G gpu_util:0%
OpenCabinetDrawer-v0 - INFO - 2022-04-30 00:35:31 - 90400/2000000(5%) Passed time:9h26m23s ETA:8d17h4m40s pred loss1:0.06 pred loss2:0.02 pred loss3:7.9825e-04 episode_length:200.00 episode_reward:-1946.39 critic_loss:1.67 max_critic_abs_err:5.60 policy_loss:191.79 alpha:9.9624e-03 alpha_loss:-4.3699e-03 q:-192.70 q_target:-192.40 log_pi:13.44 memory:77.08G gpu_mem_ratio:41.2% gpu_mem:13.07G gpu_mem_this:6.52G gpu_util:10%
OpenCabinetDrawer-v0 - INFO - 2022-04-30 00:46:02 - 92000/2000000(5%) Passed time:9h36m54s ETA:8d16h54m38s pred loss1:0.07 pred loss2:0.04 pred loss3:8.2850e-04 episode_length:200.00 episode_reward:-1864.61 critic_loss:1.49 max_critic_abs_err:4.93 policy_loss:192.17 alpha:0.01 alpha_loss:6.9672e-03 q:-193.04 q_target:-192.74 log_pi:12.31 memory:77.57G gpu_mem_ratio:41.2% gpu_mem:13.07G gpu_mem_this:6.52G gpu_util:0%
OpenCabinetDrawer-v0 - INFO - 2022-04-30 00:56:31 - 93600/2000000(5%) Passed time:9h47m23s ETA:8d16h44m2s pred loss1:0.05 pred loss2:0.02 pred loss3:7.2518e-04 episode_length:200.00 episode_reward:-1895.09 critic_loss:1.54 max_critic_abs_err:6.05 policy_loss:191.38 alpha:0.01 alpha_loss:-2.1242e-03 q:-192.28 q_target:-192.01 log_pi:13.21 memory:78.07G gpu_mem_ratio:41.2% gpu_mem:13.07G gpu_mem_this:6.52G gpu_util:0%
OpenCabinetDrawer-v0 - INFO - 2022-04-30 01:07:02 - 95200/2000000(5%) Passed time:9h57m54s ETA:8d16h34m pred loss1:0.07 pred loss2:0.03 pred loss3:7.2737e-04 episode_length:200.00 episode_reward:-1882.69 critic_loss:1.73 max_critic_abs_err:6.70 policy_loss:191.41 alpha:9.9834e-03 alpha_loss:5.1839e-04 q:-192.28 q_target:-192.05 log_pi:12.95 memory:78.57G gpu_mem_ratio:41.2% gpu_mem:13.07G gpu_mem_this:6.52G gpu_util:0%
OpenCabinetDrawer-v0 - INFO - 2022-04-30 01:17:32 - 96800/2000000(5%) Passed time:10h8m24s ETA:8d16h23m51s pred loss1:0.09 pred loss2:0.03 pred loss3:7.4123e-04 episode_length:200.00 episode_reward:-1955.88 critic_loss:1.68 max_critic_abs_err:4.61 policy_loss:191.18 alpha:0.01 alpha_loss:3.7780e-03 q:-192.12 q_target:-191.82 log_pi:12.63 memory:79.06G gpu_mem_ratio:41.2% gpu_mem:13.07G gpu_mem_this:6.52G gpu_util:0%
OpenCabinetDrawer-v0 - INFO - 2022-04-30 01:28:02 - 98400/2000000(5%) Passed time:10h18m54s ETA:8d16h13m40s pred loss1:0.05 pred loss2:0.03 pred loss3:7.1146e-04 episode_length:200.00 episode_reward:-1868.02 critic_loss:2.26 max_critic_abs_err:6.43 policy_loss:190.85 alpha:0.01 alpha_loss:-2.2925e-03 q:-191.68 q_target:-191.44 log_pi:13.21 memory:79.54G gpu_mem_ratio:41.2% gpu_mem:13.07G gpu_mem_this:6.52G gpu_util:0%
OpenCabinetDrawer-v0 - INFO - 2022-04-30 01:38:35 - 100000/2000000(5%) Passed time:10h29m27s ETA:8d16h4m15s pred loss1:0.05 pred loss2:0.02 pred loss3:6.5729e-04 episode_length:200.00 episode_reward:-1976.29 critic_loss:1.26 max_critic_abs_err:4.36 policy_loss:190.43 alpha:0.01 alpha_loss:-2.9292e-04 q:-191.15 q_target:-190.97 log_pi:13.03 memory:80.03G gpu_mem_ratio:41.2% gpu_mem:13.07G gpu_mem_this:6.52G gpu_util:0%
OpenCabinetDrawer-v0 - INFO - 2022-04-30 01:38:35 - Save model at step: 100000.The model will be saved at ./work_dirs/OpenCabinetDrawer-v0/MBPO/models/model_100000.ckpt
OpenCabinetDrawer-v0 - INFO - 2022-04-30 01:49:09 - 101600/2000000(5%) Passed time:10h40m ETA:8d15h55m11s pred loss1:0.07 pred loss2:0.02 pred loss3:7.1426e-04 episode_length:200.00 episode_reward:-1873.35 critic_loss:1.49 max_critic_abs_err:5.19 policy_loss:190.45 alpha:0.01 alpha_loss:-4.8133e-04 q:-191.32 q_target:-190.99 log_pi:13.05 memory:80.52G gpu_mem_ratio:41.2% gpu_mem:13.07G gpu_mem_this:6.52G gpu_util:0%
OpenCabinetDrawer-v0 - INFO - 2022-04-30 01:59:40 - 103200/2000000(5%) Passed time:10h50m32s ETA:8d15h45m16s pred loss1:0.04 pred loss2:0.03 pred loss3:6.8230e-04 episode_length:200.00 episode_reward:-1963.55 critic_loss:1.26 max_critic_abs_err:4.71 policy_loss:190.91 alpha:0.01 alpha_loss:-4.5272e-03 q:-191.71 q_target:-191.42 log_pi:13.45 memory:81.00G gpu_mem_ratio:41.2% gpu_mem:13.07G gpu_mem_this:6.52G gpu_util:0%
OpenCabinetDrawer-v0 - INFO - 2022-04-30 02:10:11 - 104800/2000000(5%) Passed time:11h1m3s ETA:8d15h35m8s pred loss1:0.06 pred loss2:0.02 pred loss3:6.9529e-04 episode_length:200.00 episode_reward:-1866.77 critic_loss:1.56 max_critic_abs_err:5.83 policy_loss:190.44 alpha:0.01 alpha_loss:-1.5546e-03 q:-191.29 q_target:-190.99 log_pi:13.15 memory:81.49G gpu_mem_ratio:41.2% gpu_mem:13.07G gpu_mem_this:6.52G gpu_util:0%
OpenCabinetDrawer-v0 - INFO - 2022-04-30 02:20:42 - 106400/2000000(5%) Passed time:11h11m34s ETA:8d15h25m6s pred loss1:0.05 pred loss2:0.02 pred loss3:6.9882e-04 episode_length:200.00 episode_reward:-1885.23 critic_loss:1.57 max_critic_abs_err:5.37 policy_loss:190.44 alpha:0.01 alpha_loss:3.1480e-03 q:-191.23 q_target:-190.93 log_pi:12.70 memory:81.98G gpu_mem_ratio:41.2% gpu_mem:13.07G gpu_mem_this:6.52G gpu_util:0%
OpenCabinetDrawer-v0 - INFO - 2022-04-30 02:31:16 - 108000/2000000(5%) Passed time:11h22m8s ETA:8d15h16m2s pred loss1:0.05 pred loss2:0.02 pred loss3:6.7601e-04 episode_length:200.00 episode_reward:-1891.33 critic_loss:1.30 max_critic_abs_err:4.25 policy_loss:190.29 alpha:0.01 alpha_loss:2.3387e-03 q:-191.09 q_target:-190.81 log_pi:12.77 memory:82.47G gpu_mem_ratio:41.2% gpu_mem:13.07G gpu_mem_this:6.52G gpu_util:0%
OpenCabinetDrawer-v0 - INFO - 2022-04-30 02:41:44 - 109600/2000000(5%) Passed time:11h32m36s ETA:8d15h5m3s pred loss1:0.04 pred loss2:0.02 pred loss3:6.9070e-04 episode_length:200.00 episode_reward:-1870.54 critic_loss:1.30 max_critic_abs_err:4.68 policy_loss:189.86 alpha:0.01 alpha_loss:1.8999e-03 q:-190.63 q_target:-190.41 log_pi:12.82 memory:83.07G gpu_mem_ratio:41.2% gpu_mem:13.07G gpu_mem_this:6.52G gpu_util:0%
OpenCabinetDrawer-v0 - INFO - 2022-04-30 02:52:16 - 111200/2000000(6%) Passed time:11h43m8s ETA:8d14h55m10s pred loss1:0.03 pred loss2:0.02 pred loss3:6.7686e-04 episode_length:200.00 episode_reward:-1883.31 critic_loss:1.21 max_critic_abs_err:5.64 policy_loss:189.55 alpha:0.01 alpha_loss:-2.8568e-03 q:-190.27 q_target:-190.06 log_pi:13.28 memory:83.62G gpu_mem_ratio:41.2% gpu_mem:13.07G gpu_mem_this:6.52G gpu_util:0%
OpenCabinetDrawer-v0 - INFO - 2022-04-30 03:02:45 - 112800/2000000(6%) Passed time:11h53m37s ETA:8d14h44m36s pred loss1:0.06 pred loss2:0.03 pred loss3:8.9744e-04 episode_length:200.00 episode_reward:-1827.22 critic_loss:1.29 max_critic_abs_err:5.31 policy_loss:189.62 alpha:0.01 alpha_loss:-1.8043e-03 q:-190.36 q_target:-190.12 log_pi:13.18 memory:84.11G gpu_mem_ratio:41.2% gpu_mem:13.07G gpu_mem_this:6.52G gpu_util:0%
OpenCabinetDrawer-v0 - INFO - 2022-04-30 03:13:13 - 114400/2000000(6%) Passed time:12h4m6s ETA:8d14h33m40s pred loss1:0.06 pred loss2:0.02 pred loss3:6.5635e-04 episode_length:200.00 episode_reward:-1877.56 critic_loss:1.52 max_critic_abs_err:6.19 policy_loss:189.87 alpha:0.01 alpha_loss:-1.1139e-03 q:-190.68 q_target:-190.39 log_pi:13.11 memory:84.60G gpu_mem_ratio:41.2% gpu_mem:13.07G gpu_mem_this:6.52G gpu_util:0%
OpenCabinetDrawer-v0 - INFO - 2022-04-30 03:23:42 - 116000/2000000(6%) Passed time:12h14m34s ETA:8d14h22m55s pred loss1:0.05 pred loss2:0.02 pred loss3:7.1219e-04 episode_length:200.00 episode_reward:-1921.53 critic_loss:1.46 max_critic_abs_err:6.60 policy_loss:189.56 alpha:0.01 alpha_loss:-1.8048e-04 q:-190.40 q_target:-190.15 log_pi:13.02 memory:85.19G gpu_mem_ratio:41.2% gpu_mem:13.07G gpu_mem_this:6.52G gpu_util:0%
OpenCabinetDrawer-v0 - INFO - 2022-04-30 03:34:10 - 117600/2000000(6%) Passed time:12h25m2s ETA:8d14h12m pred loss1:0.06 pred loss2:0.01 pred loss3:6.9708e-04 episode_length:200.00 episode_reward:-1806.13 critic_loss:1.74 max_critic_abs_err:6.32 policy_loss:189.66 alpha:9.9342e-03 alpha_loss:5.1904e-04 q:-190.56 q_target:-190.30 log_pi:12.95 memory:85.68G gpu_mem_ratio:41.2% gpu_mem:13.07G gpu_mem_this:6.52G gpu_util:11%
OpenCabinetDrawer-v0 - INFO - 2022-04-30 03:44:39 - 119200/2000000(6%) Passed time:12h35m31s ETA:8d14h1m7s pred loss1:0.04 pred loss2:0.02 pred loss3:6.6509e-04 episode_length:200.00 episode_reward:-1852.32 critic_loss:1.10 max_critic_abs_err:4.22 policy_loss:189.54 alpha:9.6798e-03 alpha_loss:-2.0172e-03 q:-190.19 q_target:-189.96 log_pi:13.21 memory:86.17G gpu_mem_ratio:41.2% gpu_mem:13.07G gpu_mem_this:6.52G gpu_util:0%
OpenCabinetDrawer-v0 - INFO - 2022-04-30 03:55:10 - 120800/2000000(6%) Passed time:12h46m2s ETA:8d13h51m5s pred loss1:0.04 pred loss2:0.02 pred loss3:7.0252e-04 episode_length:200.00 episode_reward:-1904.26 critic_loss:1.96 max_critic_abs_err:7.29 policy_loss:189.29 alpha:0.01 alpha_loss:7.9798e-04 q:-189.89 q_target:-189.64 log_pi:12.92 memory:86.65G gpu_mem_ratio:41.2% gpu_mem:13.07G gpu_mem_this:6.52G gpu_util:0%
OpenCabinetDrawer-v0 - INFO - 2022-04-30 03:55:10 - Save model at step: 120800.The model will be saved at ./work_dirs/OpenCabinetDrawer-v0/MBPO/models/model_120000.ckpt
OpenCabinetDrawer-v0 - INFO - 2022-04-30 04:05:38 - 122400/2000000(6%) Passed time:12h56m30s ETA:8d13h40m17s pred loss1:0.05 pred loss2:0.02 pred loss3:6.8028e-04 episode_length:200.00 episode_reward:-1797.01 critic_loss:1.54 max_critic_abs_err:4.90 policy_loss:188.94 alpha:0.01 alpha_loss:9.8349e-04 q:-189.73 q_target:-189.41 log_pi:12.90 memory:87.14G gpu_mem_ratio:41.2% gpu_mem:13.07G gpu_mem_this:6.52G gpu_util:0%
OpenCabinetDrawer-v0 - INFO - 2022-04-30 04:16:09 - 124000/2000000(6%) Passed time:13h7m2s ETA:8d13h30m12s pred loss1:0.07 pred loss2:0.02 pred loss3:6.6333e-04 episode_length:200.00 episode_reward:-1791.68 critic_loss:1.21 max_critic_abs_err:5.09 policy_loss:188.89 alpha:0.01 alpha_loss:-3.5206e-03 q:-189.66 q_target:-189.44 log_pi:13.34 memory:87.62G gpu_mem_ratio:41.2% gpu_mem:13.07G gpu_mem_this:6.52G gpu_util:0%
OpenCabinetDrawer-v0 - INFO - 2022-04-30 04:26:41 - 125600/2000000(6%) Passed time:13h17m33s ETA:8d13h20m14s pred loss1:0.05 pred loss2:0.01 pred loss3:6.5689e-04 episode_length:200.00 episode_reward:-1800.58 critic_loss:1.55 max_critic_abs_err:5.92 policy_loss:188.76 alpha:9.9955e-03 alpha_loss:2.1593e-03 q:-189.67 q_target:-189.33 log_pi:12.78 memory:88.11G gpu_mem_ratio:41.2% gpu_mem:13.07G gpu_mem_this:6.52G gpu_util:0%
OpenCabinetDrawer-v0 - INFO - 2022-04-30 04:37:09 - 127200/2000000(6%) Passed time:13h28m ETA:8d13h9m20s pred loss1:0.05 pred loss2:0.02 pred loss3:6.2647e-04 episode_length:200.00 episode_reward:-1896.75 critic_loss:1.66 max_critic_abs_err:5.79 policy_loss:188.67 alpha:0.01 alpha_loss:1.1050e-03 q:-189.47 q_target:-189.17 log_pi:12.89 memory:88.67G gpu_mem_ratio:41.2% gpu_mem:13.07G gpu_mem_this:6.52G gpu_util:0%
OpenCabinetDrawer-v0 - INFO - 2022-04-30 04:47:37 - 128800/2000000(6%) Passed time:13h38m29s ETA:8d12h58m25s pred loss1:0.07 pred loss2:0.02 pred loss3:6.6791e-04 episode_length:200.00 episode_reward:-1831.31 critic_loss:1.33 max_critic_abs_err:4.94 policy_loss:188.11 alpha:0.01 alpha_loss:-1.7120e-03 q:-188.75 q_target:-188.55 log_pi:13.16 memory:88.96G gpu_mem_ratio:41.2% gpu_mem:13.07G gpu_mem_this:6.52G gpu_util:21%
OpenCabinetDrawer-v0 - INFO - 2022-04-30 04:58:03 - 130400/2000000(7%) Passed time:13h48m55s ETA:8d12h46m56s pred loss1:0.04 pred loss2:0.02 pred loss3:6.5482e-04 episode_length:200.00 episode_reward:-1811.02 critic_loss:1.18 max_critic_abs_err:5.20 policy_loss:187.90 alpha:0.01 alpha_loss:-2.8823e-03 q:-188.67 q_target:-188.46 log_pi:13.26 memory:89.06G gpu_mem_ratio:41.2% gpu_mem:13.07G gpu_mem_this:6.52G gpu_util:0%
OpenCabinetDrawer-v0 - INFO - 2022-04-30 05:08:32 - 132000/2000000(7%) Passed time:13h59m24s ETA:8d12h36m21s pred loss1:0.05 pred loss2:0.02 pred loss3:6.8745e-04 episode_length:200.00 episode_reward:-1827.79 critic_loss:1.14 max_critic_abs_err:4.41 policy_loss:187.32 alpha:0.01 alpha_loss:3.3186e-03 q:-188.02 q_target:-187.75 log_pi:12.69 memory:89.17G gpu_mem_ratio:41.2% gpu_mem:13.07G gpu_mem_this:6.52G gpu_util:0%
OpenCabinetDrawer-v0 - INFO - 2022-04-30 05:19:00 - 133600/2000000(7%) Passed time:14h9m52s ETA:8d12h25m34s pred loss1:0.06 pred loss2:0.01 pred loss3:7.8846e-04 episode_length:200.00 episode_reward:-1878.32 critic_loss:1.01 max_critic_abs_err:3.74 policy_loss:187.36 alpha:0.01 alpha_loss:-3.4708e-03 q:-188.04 q_target:-187.79 log_pi:13.32 memory:89.27G gpu_mem_ratio:41.2% gpu_mem:13.07G gpu_mem_this:6.52G gpu_util:12%
OpenCabinetDrawer-v0 - INFO - 2022-04-30 05:29:34 - 135200/2000000(7%) Passed time:14h20m26s ETA:8d12h16m pred loss1:0.07 pred loss2:0.02 pred loss3:6.4887e-04 episode_length:200.00 episode_reward:-1836.62 critic_loss:1.10 max_critic_abs_err:3.79 policy_loss:188.13 alpha:0.01 alpha_loss:-1.8109e-03 q:-188.85 q_target:-188.53 log_pi:13.17 memory:89.41G gpu_mem_ratio:41.2% gpu_mem:13.07G gpu_mem_this:6.52G gpu_util:0%
OpenCabinetDrawer-v0 - INFO - 2022-04-30 05:40:07 - 136800/2000000(7%) Passed time:14h30m59s ETA:8d12h6m24s pred loss1:0.10 pred loss2:0.02 pred loss3:6.8137e-04 episode_length:200.00 episode_reward:-1822.13 critic_loss:1.44 max_critic_abs_err:4.11 policy_loss:187.82 alpha:0.01 alpha_loss:1.3163e-03 q:-188.36 q_target:-188.03 log_pi:12.88 memory:89.51G gpu_mem_ratio:41.2% gpu_mem:13.07G gpu_mem_this:6.52G gpu_util:0%
OpenCabinetDrawer-v0 - INFO - 2022-04-30 05:50:39 - 138400/2000000(7%) Passed time:14h41m31s ETA:8d11h56m28s pred loss1:0.07 pred loss2:0.03 pred loss3:6.4106e-04 episode_length:200.00 episode_reward:-1796.65 critic_loss:1.16 max_critic_abs_err:4.02 policy_loss:187.36 alpha:0.01 alpha_loss:-4.0480e-04 q:-188.10 q_target:-187.78 log_pi:13.04 memory:89.61G gpu_mem_ratio:41.2% gpu_mem:13.07G gpu_mem_this:6.52G gpu_util:0%
OpenCabinetDrawer-v0 - INFO - 2022-04-30 06:01:08 - 140000/2000000(7%) Passed time:14h52m ETA:8d11h45m44s pred loss1:0.04 pred loss2:0.02 pred loss3:6.3814e-04 episode_length:200.00 episode_reward:-1826.10 critic_loss:1.13 max_critic_abs_err:3.57 policy_loss:186.70 alpha:0.01 alpha_loss:-4.1960e-03 q:-187.33 q_target:-187.05 log_pi:13.39 memory:89.71G gpu_mem_ratio:41.2% gpu_mem:13.07G gpu_mem_this:6.52G gpu_util:0%
OpenCabinetDrawer-v0 - INFO - 2022-04-30 06:01:08 - Save model at step: 140000.The model will be saved at ./work_dirs/OpenCabinetDrawer-v0/MBPO/models/model_140000.ckpt
OpenCabinetDrawer-v0 - INFO - 2022-04-30 06:11:42 - 141600/2000000(7%) Passed time:15h2m34s ETA:8d11h36m14s pred loss1:0.04 pred loss2:0.01 pred loss3:6.4350e-04 episode_length:200.00 episode_reward:-1815.79 critic_loss:1.04 max_critic_abs_err:4.08 policy_loss:186.90 alpha:0.01 alpha_loss:-4.3695e-03 q:-187.63 q_target:-187.37 log_pi:13.40 memory:89.81G gpu_mem_ratio:41.2% gpu_mem:13.07G gpu_mem_this:6.52G gpu_util:5%
OpenCabinetDrawer-v0 - INFO - 2022-04-30 06:22:13 - 143200/2000000(7%) Passed time:15h13m5s ETA:8d11h26m pred loss1:0.05 pred loss2:0.01 pred loss3:6.2229e-04 episode_length:200.00 episode_reward:-1805.64 critic_loss:1.00 max_critic_abs_err:3.47 policy_loss:186.38 alpha:0.01 alpha_loss:-4.2875e-03 q:-187.11 q_target:-186.84 log_pi:13.39 memory:89.91G gpu_mem_ratio:41.2% gpu_mem:13.07G gpu_mem_this:6.52G gpu_util:0%
OpenCabinetDrawer-v0 - INFO - 2022-04-30 06:32:41 - 144800/2000000(7%) Passed time:15h23m34s ETA:8d11h15m17s pred loss1:0.06 pred loss2:0.01 pred loss3:6.3817e-04 episode_length:200.00 episode_reward:-1781.07 critic_loss:1.01 max_critic_abs_err:3.50 policy_loss:186.89 alpha:0.01 alpha_loss:2.0623e-03 q:-187.60 q_target:-187.25 log_pi:12.81 memory:90.01G gpu_mem_ratio:41.2% gpu_mem:13.07G gpu_mem_this:6.52G gpu_util:0%
OpenCabinetDrawer-v0 - INFO - 2022-04-30 06:43:11 - 146400/2000000(7%) Passed time:15h34m3s ETA:8d11h4m47s pred loss1:0.06 pred loss2:0.02 pred loss3:6.1788e-04 episode_length:200.00 episode_reward:-1889.01 critic_loss:1.17 max_critic_abs_err:3.54 policy_loss:186.88 alpha:0.01 alpha_loss:-1.5768e-03 q:-187.39 q_target:-187.16 log_pi:13.14 memory:90.11G gpu_mem_ratio:41.2% gpu_mem:13.07G gpu_mem_this:6.52G gpu_util:0%
OpenCabinetDrawer-v0 - INFO - 2022-04-30 06:53:39 - 148000/2000000(7%) Passed time:15h44m31s ETA:8d10h53m53s pred loss1:0.06 pred loss2:0.01 pred loss3:6.3943e-04 episode_length:200.00 episode_reward:-1879.72 critic_loss:1.15 max_critic_abs_err:4.29 policy_loss:187.17 alpha:0.01 alpha_loss:-4.0916e-03 q:-187.88 q_target:-187.60 log_pi:13.36 memory:90.28G gpu_mem_ratio:41.2% gpu_mem:13.07G gpu_mem_this:6.52G gpu_util:0%
OpenCabinetDrawer-v0 - INFO - 2022-04-30 07:04:08 - 149600/2000000(7%) Passed time:15h55m ETA:8d10h43m14s pred loss1:0.05 pred loss2:0.02 pred loss3:6.1776e-04 episode_length:200.00 episode_reward:-1969.88 critic_loss:1.49 max_critic_abs_err:4.43 policy_loss:187.01 alpha:0.01 alpha_loss:-5.8367e-04 q:-187.76 q_target:-187.41 log_pi:13.05 memory:90.39G gpu_mem_ratio:41.2% gpu_mem:13.07G gpu_mem_this:6.52G gpu_util:0%
OpenCabinetDrawer-v0 - INFO - 2022-04-30 07:14:38 - 151200/2000000(8%) Passed time:16h5m30s ETA:8d10h32m48s pred loss1:0.06 pred loss2:0.01 pred loss3:6.4013e-04 episode_length:200.00 episode_reward:-1828.01 critic_loss:1.07 max_critic_abs_err:4.98 policy_loss:186.64 alpha:0.01 alpha_loss:4.2074e-03 q:-187.30 q_target:-187.03 log_pi:12.64 memory:90.48G gpu_mem_ratio:41.2% gpu_mem:13.07G gpu_mem_this:6.52G gpu_util:3%
OpenCabinetDrawer-v0 - INFO - 2022-04-30 07:25:09 - 152800/2000000(8%) Passed time:16h16m2s ETA:8d10h22m42s pred loss1:0.06 pred loss2:0.02 pred loss3:6.3249e-04 episode_length:200.00 episode_reward:-1817.18 critic_loss:1.64 max_critic_abs_err:4.92 policy_loss:186.58 alpha:0.01 alpha_loss:4.1248e-03 q:-187.13 q_target:-186.80 log_pi:12.66 memory:90.58G gpu_mem_ratio:41.2% gpu_mem:13.07G gpu_mem_this:6.52G gpu_util:10%
OpenCabinetDrawer-v0 - INFO - 2022-04-30 07:35:35 - 154400/2000000(8%) Passed time:16h26m28s ETA:8d10h11m27s pred loss1:0.04 pred loss2:0.02 pred loss3:6.4723e-04 episode_length:200.00 episode_reward:-1897.97 critic_loss:1.34 max_critic_abs_err:4.30 policy_loss:186.89 alpha:0.01 alpha_loss:9.2603e-04 q:-187.56 q_target:-187.20 log_pi:12.92 memory:90.68G gpu_mem_ratio:41.2% gpu_mem:13.07G gpu_mem_this:6.52G gpu_util:0%
OpenCabinetDrawer-v0 - INFO - 2022-04-30 07:45:57 - 156000/2000000(8%) Passed time:16h36m49s ETA:8d9h59m20s pred loss1:0.04 pred loss2:0.01 pred loss3:6.1217e-04 episode_length:200.00 episode_reward:-1827.30 critic_loss:1.19 max_critic_abs_err:4.54 policy_loss:186.31 alpha:0.01 alpha_loss:-9.9424e-04 q:-186.96 q_target:-186.69 log_pi:13.08 memory:90.78G gpu_mem_ratio:41.2% gpu_mem:13.07G gpu_mem_this:6.52G gpu_util:0%
OpenCabinetDrawer-v0 - INFO - 2022-04-30 07:56:27 - 157600/2000000(8%) Passed time:16h47m19s ETA:8d9h48m54s pred loss1:0.05 pred loss2:0.01 pred loss3:6.1765e-04 episode_length:200.00 episode_reward:-1827.62 critic_loss:1.27 max_critic_abs_err:4.49 policy_loss:186.56 alpha:0.01 alpha_loss:3.0465e-04 q:-187.23 q_target:-186.93 log_pi:12.97 memory:90.88G gpu_mem_ratio:41.2% gpu_mem:13.07G gpu_mem_this:6.52G gpu_util:22%
OpenCabinetDrawer-v0 - INFO - 2022-04-30 08:06:56 - 159200/2000000(8%) Passed time:16h57m48s ETA:8d9h38m14s pred loss1:0.05 pred loss2:0.01 pred loss3:6.1502e-04 episode_length:200.00 episode_reward:-1753.22 critic_loss:0.99 max_critic_abs_err:4.11 policy_loss:186.27 alpha:0.01 alpha_loss:1.0144e-03 q:-186.93 q_target:-186.72 log_pi:12.91 memory:90.98G gpu_mem_ratio:41.2% gpu_mem:13.07G gpu_mem_this:6.52G gpu_util:0%
OpenCabinetDrawer-v0 - INFO - 2022-04-30 08:17:26 - 160800/2000000(8%) Passed time:17h8m18s ETA:8d9h27m49s pred loss1:0.07 pred loss2:0.02 pred loss3:6.3971e-04 episode_length:200.00 episode_reward:-1789.49 critic_loss:0.99 max_critic_abs_err:4.34 policy_loss:185.98 alpha:0.01 alpha_loss:-1.3570e-03 q:-186.63 q_target:-186.37 log_pi:13.12 memory:91.14G gpu_mem_ratio:41.2% gpu_mem:13.07G gpu_mem_this:6.52G gpu_util:29%
OpenCabinetDrawer-v0 - INFO - 2022-04-30 08:17:26 - Save model at step: 160800.The model will be saved at ./work_dirs/OpenCabinetDrawer-v0/MBPO/models/model_160000.ckpt
OpenCabinetDrawer-v0 - INFO - 2022-04-30 08:27:58 - 162400/2000000(8%) Passed time:17h18m50s ETA:8d9h17m50s pred loss1:0.05 pred loss2:0.02 pred loss3:6.3377e-04 episode_length:200.00 episode_reward:-1786.24 critic_loss:1.05 max_critic_abs_err:3.64 policy_loss:185.94 alpha:0.01 alpha_loss:4.2929e-03 q:-186.62 q_target:-186.36 log_pi:12.62 memory:91.24G gpu_mem_ratio:41.2% gpu_mem:13.07G gpu_mem_this:6.52G gpu_util:0%
OpenCabinetDrawer-v0 - INFO - 2022-04-30 08:38:29 - 164000/2000000(8%) Passed time:17h29m21s ETA:8d9h7m35s pred loss1:0.06 pred loss2:0.01 pred loss3:6.2775e-04 episode_length:200.00 episode_reward:-1859.33 critic_loss:1.14 max_critic_abs_err:3.93 policy_loss:185.40 alpha:0.01 alpha_loss:4.2651e-03 q:-186.00 q_target:-185.79 log_pi:12.62 memory:91.33G gpu_mem_ratio:41.2% gpu_mem:13.07G gpu_mem_this:6.52G gpu_util:0%
OpenCabinetDrawer-v0 - INFO - 2022-04-30 08:48:56 - 165600/2000000(8%) Passed time:17h39m49s ETA:8d8h56m43s pred loss1:0.10 pred loss2:0.03 pred loss3:6.2547e-04 episode_length:200.00 episode_reward:-1827.38 critic_loss:1.16 max_critic_abs_err:4.14 policy_loss:185.30 alpha:0.01 alpha_loss:-3.0978e-04 q:-185.91 q_target:-185.67 log_pi:13.03 memory:91.46G gpu_mem_ratio:41.2% gpu_mem:13.07G gpu_mem_this:6.52G gpu_util:0%
OpenCabinetDrawer-v0 - INFO - 2022-04-30 08:59:27 - 167200/2000000(8%) Passed time:17h50m19s ETA:8d8h46m22s pred loss1:0.04 pred loss2:0.01 pred loss3:6.8344e-04 episode_length:200.00 episode_reward:-1907.91 critic_loss:2.55 max_critic_abs_err:6.12 policy_loss:186.27 alpha:0.01 alpha_loss:-2.2535e-03 q:-186.75 q_target:-186.21 log_pi:13.20 memory:91.56G gpu_mem_ratio:41.2% gpu_mem:13.07G gpu_mem_this:6.52G gpu_util:0%
OpenCabinetDrawer-v0 - INFO - 2022-04-30 09:09:54 - 168800/2000000(8%) Passed time:18h46s ETA:8d8h35m27s pred loss1:0.05 pred loss2:0.01 pred loss3:6.4308e-04 episode_length:200.00 episode_reward:-1813.92 critic_loss:0.85 max_critic_abs_err:3.57 policy_loss:185.49 alpha:0.01 alpha_loss:1.8849e-03 q:-186.10 q_target:-185.89 log_pi:12.84 memory:91.65G gpu_mem_ratio:41.2% gpu_mem:13.07G gpu_mem_this:6.52G gpu_util:0%
OpenCabinetDrawer-v0 - INFO - 2022-04-30 09:20:23 - 170400/2000000(9%) Passed time:18h11m15s ETA:8d8h24m52s pred loss1:0.04 pred loss2:0.01 pred loss3:6.1049e-04 episode_length:200.00 episode_reward:-1874.62 critic_loss:0.92 max_critic_abs_err:3.65 policy_loss:184.95 alpha:0.01 alpha_loss:6.1281e-03 q:-185.48 q_target:-185.27 log_pi:12.46 memory:91.75G gpu_mem_ratio:41.2% gpu_mem:13.07G gpu_mem_this:6.52G gpu_util:0%
OpenCabinetDrawer-v0 - INFO - 2022-04-30 09:30:53 - 172000/2000000(9%) Passed time:18h21m45s ETA:8d8h14m27s pred loss1:0.05 pred loss2:0.02 pred loss3:5.9251e-04 episode_length:200.00 episode_reward:-1872.76 critic_loss:0.93 max_critic_abs_err:4.04 policy_loss:185.61 alpha:0.01 alpha_loss:-2.8337e-03 q:-186.21 q_target:-186.00 log_pi:13.25 memory:91.85G gpu_mem_ratio:41.2% gpu_mem:13.07G gpu_mem_this:6.52G gpu_util:0%
OpenCabinetDrawer-v0 - INFO - 2022-04-30 09:41:22 - 173600/2000000(9%) Passed time:18h32m14s ETA:8d8h3m50s pred loss1:0.05 pred loss2:0.01 pred loss3:6.2026e-04 episode_length:200.00 episode_reward:-1836.45 critic_loss:1.35 max_critic_abs_err:3.70 policy_loss:186.26 alpha:0.01 alpha_loss:-1.7067e-03 q:-186.92 q_target:-186.57 log_pi:13.15 memory:91.95G gpu_mem_ratio:41.2% gpu_mem:13.07G gpu_mem_this:6.52G gpu_util:0%
OpenCabinetDrawer-v0 - INFO - 2022-04-30 09:51:52 - 175200/2000000(9%) Passed time:18h42m44s ETA:8d7h53m26s pred loss1:0.05 pred loss2:0.04 pred loss3:6.2407e-04 episode_length:200.00 episode_reward:-1826.25 critic_loss:1.02 max_critic_abs_err:3.65 policy_loss:186.05 alpha:0.01 alpha_loss:2.0657e-03 q:-186.63 q_target:-186.35 log_pi:12.82 memory:92.04G gpu_mem_ratio:41.2% gpu_mem:13.07G gpu_mem_this:6.52G gpu_util:0%
OpenCabinetDrawer-v0 - INFO - 2022-04-30 10:02:23 - 176800/2000000(9%) Passed time:18h53m15s ETA:8d7h43m7s pred loss1:0.06 pred loss2:0.02 pred loss3:6.2875e-04 episode_length:200.00 episode_reward:-1779.71 critic_loss:1.18 max_critic_abs_err:3.60 policy_loss:186.04 alpha:0.01 alpha_loss:-1.3282e-03 q:-186.49 q_target:-186.24 log_pi:13.12 memory:92.14G gpu_mem_ratio:41.2% gpu_mem:13.07G gpu_mem_this:6.52G gpu_util:0%
OpenCabinetDrawer-v0 - INFO - 2022-04-30 10:12:50 - 178400/2000000(9%) Passed time:19h3m42s ETA:8d7h32m16s pred loss1:0.04 pred loss2:0.01 pred loss3:6.2699e-04 episode_length:200.00 episode_reward:-1818.16 critic_loss:1.04 max_critic_abs_err:3.43 policy_loss:186.01 alpha:0.01 alpha_loss:2.0654e-03 q:-186.65 q_target:-186.31 log_pi:12.82 memory:92.24G gpu_mem_ratio:41.2% gpu_mem:13.07G gpu_mem_this:6.52G gpu_util:0%
OpenCabinetDrawer-v0 - INFO - 2022-04-30 10:23:23 - 180000/2000000(9%) Passed time:19h14m15s ETA:8d7h22m14s pred loss1:0.06 pred loss2:0.01 pred loss3:6.3720e-04 episode_length:200.00 episode_reward:-1852.42 critic_loss:0.98 max_critic_abs_err:3.91 policy_loss:184.82 alpha:0.01 alpha_loss:-1.3404e-03 q:-185.34 q_target:-185.14 log_pi:13.12 memory:92.34G gpu_mem_ratio:41.2% gpu_mem:13.07G gpu_mem_this:6.52G gpu_util:0%
OpenCabinetDrawer-v0 - INFO - 2022-04-30 10:23:23 - Save model at step: 180000.The model will be saved at ./work_dirs/OpenCabinetDrawer-v0/MBPO/models/model_180000.ckpt
OpenCabinetDrawer-v0 - INFO - 2022-04-30 10:33:54 - 181600/2000000(9%) Passed time:19h24m46s ETA:8d7h12m6s pred loss1:0.04 pred loss2:0.01 pred loss3:6.2123e-04 episode_length:200.00 episode_reward:-1842.17 critic_loss:1.43 max_critic_abs_err:4.66 policy_loss:184.97 alpha:0.01 alpha_loss:-1.0921e-03 q:-185.47 q_target:-185.21 log_pi:13.10 memory:92.44G gpu_mem_ratio:41.2% gpu_mem:13.07G gpu_mem_this:6.52G gpu_util:0%
OpenCabinetDrawer-v0 - INFO - 2022-04-30 10:44:27 - 183200/2000000(9%) Passed time:19h35m19s ETA:8d7h2m7s pred loss1:0.05 pred loss2:9.3346e-03 pred loss3:5.9735e-04 episode_length:200.00 episode_reward:-1836.94 critic_loss:0.85 max_critic_abs_err:3.38 policy_loss:185.04 alpha:0.01 alpha_loss:-1.2151e-03 q:-185.60 q_target:-185.40 log_pi:13.11 memory:92.53G gpu_mem_ratio:41.2% gpu_mem:13.07G gpu_mem_this:6.52G gpu_util:0%
OpenCabinetDrawer-v0 - INFO - 2022-04-30 10:54:55 - 184800/2000000(9%) Passed time:19h45m47s ETA:8d6h51m25s pred loss1:0.06 pred loss2:0.01 pred loss3:6.4207e-04 episode_length:200.00 episode_reward:-1787.10 critic_loss:1.09 max_critic_abs_err:3.99 policy_loss:184.65 alpha:0.01 alpha_loss:9.3779e-04 q:-185.20 q_target:-184.95 log_pi:12.92 memory:92.63G gpu_mem_ratio:41.2% gpu_mem:13.07G gpu_mem_this:6.52G gpu_util:9%
OpenCabinetDrawer-v0 - INFO - 2022-04-30 11:05:33 - 186400/2000000(9%) Passed time:19h56m25s ETA:8d6h42m21s pred loss1:0.06 pred loss2:0.02 pred loss3:6.1113e-04 episode_length:200.00 episode_reward:-1810.51 critic_loss:1.05 max_critic_abs_err:4.19 policy_loss:184.19 alpha:0.01 alpha_loss:8.9191e-04 q:-184.71 q_target:-184.48 log_pi:12.92 memory:92.73G gpu_mem_ratio:41.2% gpu_mem:13.07G gpu_mem_this:6.52G gpu_util:0%
OpenCabinetDrawer-v0 - INFO - 2022-04-30 11:16:09 - 188000/2000000(9%) Passed time:20h7m ETA:8d6h32m45s pred loss1:0.05 pred loss2:0.01 pred loss3:5.8908e-04 episode_length:200.00 episode_reward:-1800.41 critic_loss:0.96 max_critic_abs_err:4.28 policy_loss:184.28 alpha:0.01 alpha_loss:-7.9114e-03 q:-184.86 q_target:-184.61 log_pi:13.70 memory:92.83G gpu_mem_ratio:41.2% gpu_mem:13.07G gpu_mem_this:6.52G gpu_util:0%
OpenCabinetDrawer-v0 - INFO - 2022-04-30 11:30:00 - 189600/2000000(9%) Passed time:20h20m52s ETA:8d6h55m6s pred loss1:0.06 pred loss2:0.01 pred loss3:6.2343e-04 episode_length:200.00 episode_reward:-1731.12 critic_loss:1.03 max_critic_abs_err:3.94 policy_loss:184.22 alpha:0.01 alpha_loss:3.7768e-04 q:-184.77 q_target:-184.48 log_pi:12.97 memory:92.92G gpu_mem_ratio:67.5% gpu_mem:21.43G gpu_mem_this:6.52G gpu_util:0%
